2024-03-31 23:42:32.509955 INFO::Writing function arguments to log file
2024-03-31 23:42:32.517825 DEBUG::Function arguments
2024-03-31 23:42:32.52385 DEBUG::Output folder: PBMC
2024-03-31 23:42:32.524976 DEBUG::Abundance threshold: 0.000000
2024-03-31 23:42:32.525857 DEBUG::Prevalence threshold: 0.100000
2024-03-31 23:42:32.527029 DEBUG::Variance threshold: 0.000000
2024-03-31 23:42:32.528674 DEBUG::Base model: CPLM
2024-03-31 23:42:32.529508 DEBUG::Link function: log
2024-03-31 23:42:32.53032 DEBUG::Fixed effects: dex
2024-03-31 23:42:32.531249 DEBUG::Random effects:
2024-03-31 23:42:32.53207 DEBUG::ZSCP cutoff: 0.300000
2024-03-31 23:42:32.533487 DEBUG::ZACP criteria: BIC
2024-03-31 23:42:32.534255 DEBUG::Offset adjustment: TRUE
2024-03-31 23:42:32.534995 DEBUG::Scale factor:
2024-03-31 23:42:32.535652 DEBUG::Max significance: 0.050000
2024-03-31 23:42:32.536434 DEBUG::Correction method: BH
2024-03-31 23:42:32.537158 DEBUG::Standardize: TRUE
2024-03-31 23:42:32.537885 DEBUG::Cores: 1
2024-03-31 23:42:32.538552 DEBUG::Optimization routine: nlminb
2024-03-31 23:42:32.539517 INFO::Determining format of input files
2024-03-31 23:42:32.542338 INFO::Input format is data samples as rows and metadata samples as rows
2024-03-31 23:42:32.544546 DEBUG::A total of 8 samples were found in both the data and metadata
2024-03-31 23:42:32.545313 DEBUG::Reordering data/metadata to use same sample ordering
2024-03-31 23:42:33.070391 INFO::Factor detected for categorial metadata 'dex'. Provide a reference argument or manually set factor ordering to change reference level.
2024-03-31 23:42:33.073322 INFO::Filter data based on min abundance and min prevalence
2024-03-31 23:42:33.075336 INFO::Total samples in data: 8
2024-03-31 23:42:33.077165 INFO::Min samples required with min abundance for a feature not to be filtered: 0.800000
2024-03-31 23:42:33.088956 INFO::Total filtered features with prevalence-abundance filtering: 51
2024-03-31 23:42:33.092106 INFO::Filtered feature names: ENSG00000000005, ENSG00000004809, ENSG00000004848, ENSG00000004939, ENSG00000004948, ENSG00000005001, ENSG00000005981, ENSG00000006059, ENSG00000006071, ENSG00000006075, ENSG00000006116, ENSG00000006377, ENSG00000006555, ENSG00000006611, ENSG00000006659, ENSG00000007129, ENSG00000007216, ENSG00000007306, ENSG00000007350, ENSG00000007908, ENSG00000008197, ENSG00000009709, ENSG00000010282, ENSG00000011052, ENSG00000013725, ENSG00000016082, ENSG00000019505, ENSG00000021852, ENSG00000022355, ENSG00000035720, ENSG00000036565, ENSG00000036828, ENSG00000042813, ENSG00000043039, ENSG00000043355, ENSG00000043462, ENSG00000043591, ENSG00000044012, ENSG00000050030, ENSG00000053108, ENSG00000054803, ENSG00000056487, ENSG00000056678, ENSG00000057149, ENSG00000061492, ENSG00000063515, ENSG00000064195, ENSG00000064218, ENSG00000066032, ENSG00000066294, ENSG00000066813
2024-03-31 23:42:33.108471 INFO::Total filtered features with variance filtering: 0
2024-03-31 23:42:33.111532 INFO::Filtered feature names:
2024-03-31 23:42:33.39302 INFO::Excluded metadata with entropy less or equal to 0:
2024-03-31 23:42:33.395779 INFO::Formula for fixed effects: expr ~  dex
2024-03-31 23:42:33.397702 INFO::Applying z-score to standardize continuous metadata
2024-03-31 23:42:33.40283 INFO::Running selected analysis method: CPLM
2024-03-31 23:42:33.410163 INFO::Fitting model to feature number 1, ENSG00000000003
2024-03-31 23:42:33.912427 INFO::Fitting model to feature number 2, ENSG00000000419
2024-03-31 23:42:33.968126 INFO::Fitting model to feature number 3, ENSG00000000457
2024-03-31 23:42:34.25202 INFO::Fitting model to feature number 4, ENSG00000000460
2024-03-31 23:42:34.335655 INFO::Fitting model to feature number 5, ENSG00000000938
2024-03-31 23:42:34.449007 INFO::Fitting model to feature number 6, ENSG00000000971
2024-03-31 23:42:34.510678 INFO::Fitting model to feature number 7, ENSG00000001036
2024-03-31 23:42:34.664429 INFO::Fitting model to feature number 8, ENSG00000001084
2024-03-31 23:42:34.734663 INFO::Fitting model to feature number 9, ENSG00000001167
2024-03-31 23:42:34.804268 INFO::Fitting model to feature number 10, ENSG00000001460
2024-03-31 23:42:35.040206 INFO::Fitting model to feature number 11, ENSG00000001461
2024-03-31 23:42:48.217604 INFO::Fitting model to feature number 12, ENSG00000001497
2024-03-31 23:42:48.28307 INFO::Fitting model to feature number 13, ENSG00000001561
2024-03-31 23:42:48.354515 INFO::Fitting model to feature number 14, ENSG00000001617
2024-03-31 23:42:48.568349 INFO::Fitting model to feature number 15, ENSG00000001626
2024-03-31 23:42:48.980988 INFO::Fitting model to feature number 16, ENSG00000001629
2024-03-31 23:42:49.092072 INFO::Fitting model to feature number 17, ENSG00000001630
2024-03-31 23:42:49.163021 INFO::Fitting model to feature number 18, ENSG00000001631
2024-03-31 23:42:49.464672 INFO::Fitting model to feature number 19, ENSG00000002016
2024-03-31 23:42:49.585365 INFO::Fitting model to feature number 20, ENSG00000002079
2024-03-31 23:42:49.677111 INFO::Fitting model to feature number 21, ENSG00000002330
2024-03-31 23:42:49.899545 INFO::Fitting model to feature number 22, ENSG00000002549
2024-03-31 23:42:49.967041 INFO::Fitting model to feature number 23, ENSG00000002586
2024-03-31 23:42:50.107845 INFO::Fitting model to feature number 24, ENSG00000002587
2024-03-31 23:42:50.17419 INFO::Fitting model to feature number 25, ENSG00000002726
2024-03-31 23:42:50.41658 INFO::Fitting model to feature number 26, ENSG00000002745
2024-03-31 23:42:50.458429 INFO::Fitting model to feature number 27, ENSG00000002746
2024-03-31 23:42:50.511265 INFO::Fitting model to feature number 28, ENSG00000002822
2024-03-31 23:42:50.575606 INFO::Fitting model to feature number 29, ENSG00000002834
2024-03-31 23:42:50.720272 INFO::Fitting model to feature number 30, ENSG00000002919
2024-03-31 23:42:50.776053 INFO::Fitting model to feature number 31, ENSG00000002933
2024-03-31 23:42:50.847556 INFO::Fitting model to feature number 32, ENSG00000003056
2024-03-31 23:42:51.031162 INFO::Fitting model to feature number 33, ENSG00000003096
2024-03-31 23:42:51.104334 INFO::Fitting model to feature number 34, ENSG00000003137
2024-03-31 23:42:57.601528 INFO::Fitting model to feature number 35, ENSG00000003147
2024-03-31 23:42:57.666925 INFO::Fitting model to feature number 36, ENSG00000003249
2024-03-31 23:42:57.774168 INFO::Fitting model to feature number 37, ENSG00000003393
2024-03-31 23:42:57.842227 INFO::Fitting model to feature number 38, ENSG00000003400
2024-03-31 23:42:57.906347 INFO::Fitting model to feature number 39, ENSG00000003402
2024-03-31 23:42:58.042235 INFO::Fitting model to feature number 40, ENSG00000003436
2024-03-31 23:42:58.100963 INFO::Fitting model to feature number 41, ENSG00000003509
2024-03-31 23:42:58.162215 INFO::Fitting model to feature number 42, ENSG00000003756
2024-03-31 23:42:58.309384 INFO::Fitting model to feature number 43, ENSG00000003987
2024-03-31 23:42:58.455594 INFO::Fitting model to feature number 44, ENSG00000003989
2024-03-31 23:42:58.493068 INFO::Fitting model to feature number 45, ENSG00000004059
2024-03-31 23:42:58.690072 INFO::Fitting model to feature number 46, ENSG00000004139
2024-03-31 23:42:58.725504 INFO::Fitting model to feature number 47, ENSG00000004142
2024-03-31 23:42:58.76873 INFO::Fitting model to feature number 48, ENSG00000004399
2024-03-31 23:42:58.888215 INFO::Fitting model to feature number 49, ENSG00000004455
2024-03-31 23:42:58.926688 INFO::Fitting model to feature number 50, ENSG00000004468
2024-03-31 23:42:58.959998 INFO::Fitting model to feature number 51, ENSG00000004478
2024-03-31 23:42:59.009958 INFO::Fitting model to feature number 52, ENSG00000004487
2024-03-31 23:42:59.045173 INFO::Fitting model to feature number 53, ENSG00000004534
2024-03-31 23:42:59.624959 INFO::Fitting model to feature number 54, ENSG00000004660
2024-03-31 23:42:59.672431 INFO::Fitting model to feature number 55, ENSG00000004700
2024-03-31 23:42:59.723382 INFO::Fitting model to feature number 56, ENSG00000004766
2024-03-31 23:42:59.820486 INFO::Fitting model to feature number 57, ENSG00000004776
2024-03-31 23:42:59.870673 INFO::Fitting model to feature number 58, ENSG00000004777
2024-03-31 23:42:59.987751 INFO::Fitting model to feature number 59, ENSG00000004779
2024-03-31 23:43:00.022962 INFO::Fitting model to feature number 60, ENSG00000004799
2024-03-31 23:43:00.058647 INFO::Fitting model to feature number 61, ENSG00000004838
2024-03-31 23:43:00.088086 INFO::Fitting model to feature number 62, ENSG00000004846
2024-03-31 23:43:00.122165 INFO::Fitting model to feature number 63, ENSG00000004864
2024-03-31 23:43:08.462766 INFO::Fitting model to feature number 64, ENSG00000004866
2024-03-31 23:43:08.502959 INFO::Fitting model to feature number 65, ENSG00000004897
2024-03-31 23:43:08.573946 INFO::Fitting model to feature number 66, ENSG00000004961
2024-03-31 23:43:08.61736 INFO::Fitting model to feature number 67, ENSG00000004975
2024-03-31 23:43:08.864505 INFO::Fitting model to feature number 68, ENSG00000005007
2024-03-31 23:43:08.915847 INFO::Fitting model to feature number 69, ENSG00000005020
2024-03-31 23:43:09.019248 INFO::Fitting model to feature number 70, ENSG00000005022
2024-03-31 23:43:09.081173 INFO::Fitting model to feature number 71, ENSG00000005059
2024-03-31 23:43:09.113523 INFO::Fitting model to feature number 72, ENSG00000005073
2024-03-31 23:43:09.14612 INFO::Fitting model to feature number 73, ENSG00000005075
2024-03-31 23:43:09.183408 INFO::Fitting model to feature number 74, ENSG00000005100
2024-03-31 23:43:09.398312 INFO::Fitting model to feature number 75, ENSG00000005102
2024-03-31 23:43:09.483665 INFO::Fitting model to feature number 76, ENSG00000005108
2024-03-31 23:43:09.574378 INFO::Fitting model to feature number 77, ENSG00000005156
2024-03-31 23:43:09.61055 INFO::Fitting model to feature number 78, ENSG00000005175
2024-03-31 23:43:09.65303 INFO::Fitting model to feature number 79, ENSG00000005187
2024-03-31 23:43:09.684828 INFO::Fitting model to feature number 80, ENSG00000005189
2024-03-31 23:43:09.759407 INFO::Fitting model to feature number 81, ENSG00000005194
2024-03-31 23:43:09.940538 INFO::Fitting model to feature number 82, ENSG00000005206
2024-03-31 23:43:10.00589 INFO::Fitting model to feature number 83, ENSG00000005238
2024-03-31 23:43:10.102456 INFO::Fitting model to feature number 84, ENSG00000005243
2024-03-31 23:43:10.162181 INFO::Fitting model to feature number 85, ENSG00000005249
2024-03-31 23:43:10.198884 INFO::Fitting model to feature number 86, ENSG00000005302
2024-03-31 23:43:10.238893 INFO::Fitting model to feature number 87, ENSG00000005339
2024-03-31 23:43:10.280876 INFO::Fitting model to feature number 88, ENSG00000005379
2024-03-31 23:43:10.382149 INFO::Fitting model to feature number 89, ENSG00000005381
2024-03-31 23:43:10.490318 INFO::Fitting model to feature number 90, ENSG00000005421
2024-03-31 23:43:10.536342 INFO::Fitting model to feature number 91, ENSG00000005436
2024-03-31 23:43:10.568706 INFO::Fitting model to feature number 92, ENSG00000005448
2024-03-31 23:43:10.667118 INFO::Fitting model to feature number 93, ENSG00000005469
2024-03-31 23:43:10.728254 INFO::Fitting model to feature number 94, ENSG00000005471
2024-03-31 23:43:10.763666 INFO::Fitting model to feature number 95, ENSG00000005483
2024-03-31 23:43:10.812222 INFO::Fitting model to feature number 96, ENSG00000005486
2024-03-31 23:43:10.999454 INFO::Fitting model to feature number 97, ENSG00000005513
2024-03-31 23:43:11.047898 INFO::Fitting model to feature number 98, ENSG00000005700
2024-03-31 23:43:11.103074 INFO::Fitting model to feature number 99, ENSG00000005801
2024-03-31 23:43:11.146473 INFO::Fitting model to feature number 100, ENSG00000005810
2024-03-31 23:43:19.091446 INFO::Fitting model to feature number 101, ENSG00000005812
2024-03-31 23:43:19.285339 INFO::Fitting model to feature number 102, ENSG00000005844
2024-03-31 23:43:19.313726 INFO::Fitting model to feature number 103, ENSG00000005882
2024-03-31 23:43:19.356677 INFO::Fitting model to feature number 104, ENSG00000005884
2024-03-31 23:43:19.39962 INFO::Fitting model to feature number 105, ENSG00000005889
2024-03-31 23:43:19.508985 INFO::Fitting model to feature number 106, ENSG00000005893
2024-03-31 23:43:19.569144 INFO::Fitting model to feature number 107, ENSG00000005955
2024-03-31 23:43:19.606656 INFO::Fitting model to feature number 108, ENSG00000005961
2024-03-31 23:43:19.646694 INFO::Fitting model to feature number 109, ENSG00000006007
2024-03-31 23:43:19.686856 INFO::Fitting model to feature number 110, ENSG00000006015
2024-03-31 23:43:19.960732 INFO::Fitting model to feature number 111, ENSG00000006016
2024-03-31 23:43:20.093359 INFO::Fitting model to feature number 112, ENSG00000006025
2024-03-31 23:43:20.156639 INFO::Fitting model to feature number 113, ENSG00000006042
2024-03-31 23:43:20.212829 INFO::Fitting model to feature number 114, ENSG00000006047
2024-03-31 23:43:20.248007 INFO::Fitting model to feature number 115, ENSG00000006062
2024-03-31 23:43:20.431409 INFO::Fitting model to feature number 116, ENSG00000006074
2024-03-31 23:43:20.485254 INFO::Fitting model to feature number 117, ENSG00000006114
2024-03-31 23:43:20.608275 INFO::Fitting model to feature number 118, ENSG00000006118
2024-03-31 23:43:20.668595 INFO::Fitting model to feature number 119, ENSG00000006125
2024-03-31 23:43:20.716463 INFO::Fitting model to feature number 120, ENSG00000006128
2024-03-31 23:43:20.746954 INFO::Fitting model to feature number 121, ENSG00000006194
2024-03-31 23:43:20.788638 INFO::Fitting model to feature number 122, ENSG00000006210
2024-03-31 23:43:20.831113 INFO::Fitting model to feature number 123, ENSG00000006282
2024-03-31 23:43:20.935584 INFO::Fitting model to feature number 124, ENSG00000006283
2024-03-31 23:43:20.964157 INFO::Fitting model to feature number 125, ENSG00000006327
2024-03-31 23:43:20.997682 INFO::Fitting model to feature number 126, ENSG00000006432
2024-03-31 23:43:21.069279 INFO::Fitting model to feature number 127, ENSG00000006451
2024-03-31 23:43:21.211389 INFO::Fitting model to feature number 128, ENSG00000006453
2024-03-31 23:43:21.247404 INFO::Fitting model to feature number 129, ENSG00000006459
2024-03-31 23:43:21.285587 INFO::Fitting model to feature number 130, ENSG00000006468
2024-03-31 23:43:21.324388 INFO::Fitting model to feature number 131, ENSG00000006530
2024-03-31 23:43:21.364044 INFO::Fitting model to feature number 132, ENSG00000006534
2024-03-31 23:43:21.467929 INFO::Fitting model to feature number 133, ENSG00000006576
2024-03-31 23:43:21.509595 INFO::Fitting model to feature number 134, ENSG00000006606
2024-03-31 23:43:21.591203 INFO::Fitting model to feature number 135, ENSG00000006607
2024-03-31 23:43:21.624398 INFO::Fitting model to feature number 136, ENSG00000006625
2024-03-31 23:43:21.878958 INFO::Fitting model to feature number 137, ENSG00000006634
2024-03-31 23:43:21.920016 INFO::Fitting model to feature number 138, ENSG00000006638
2024-03-31 23:43:22.093263 INFO::Fitting model to feature number 139, ENSG00000006652
2024-03-31 23:43:30.077241 INFO::Fitting model to feature number 140, ENSG00000006695
2024-03-31 23:43:30.113425 INFO::Fitting model to feature number 141, ENSG00000006704
2024-03-31 23:43:30.170595 INFO::Fitting model to feature number 142, ENSG00000006712
2024-03-31 23:43:30.221567 INFO::Fitting model to feature number 143, ENSG00000006715
2024-03-31 23:43:30.389104 INFO::Fitting model to feature number 144, ENSG00000006740
2024-03-31 23:43:30.424661 INFO::Fitting model to feature number 145, ENSG00000006744
2024-03-31 23:43:30.46071 INFO::Fitting model to feature number 146, ENSG00000006747
2024-03-31 23:43:30.565459 INFO::Fitting model to feature number 147, ENSG00000006756
2024-03-31 23:43:30.629462 INFO::Fitting model to feature number 148, ENSG00000006757
2024-03-31 23:43:30.665372 INFO::Fitting model to feature number 149, ENSG00000006788
2024-03-31 23:43:30.710491 INFO::Fitting model to feature number 150, ENSG00000006831
2024-03-31 23:43:30.770493 INFO::Fitting model to feature number 151, ENSG00000006837
2024-03-31 23:43:30.798323 INFO::Fitting model to feature number 152, ENSG00000007001
2024-03-31 23:43:30.993751 INFO::Fitting model to feature number 153, ENSG00000007038
2024-03-31 23:43:31.11253 INFO::Fitting model to feature number 154, ENSG00000007047
2024-03-31 23:43:31.160221 INFO::Fitting model to feature number 155, ENSG00000007062
2024-03-31 23:43:31.19336 INFO::Fitting model to feature number 156, ENSG00000007080
2024-03-31 23:43:31.240105 INFO::Fitting model to feature number 157, ENSG00000007168
2024-03-31 23:43:31.29932 INFO::Fitting model to feature number 158, ENSG00000007171
2024-03-31 23:43:31.87467 INFO::Fitting model to feature number 159, ENSG00000007174
2024-03-31 23:43:31.903909 INFO::Fitting model to feature number 160, ENSG00000007202
2024-03-31 23:43:31.946031 INFO::Fitting model to feature number 161, ENSG00000007237
2024-03-31 23:43:31.978962 INFO::Fitting model to feature number 162, ENSG00000007255
2024-03-31 23:43:32.018196 INFO::Fitting model to feature number 163, ENSG00000007264
2024-03-31 23:43:32.0818 INFO::Fitting model to feature number 164, ENSG00000007312
2024-03-31 23:43:32.107746 INFO::Fitting model to feature number 165, ENSG00000007314
2024-03-31 23:43:32.18795 INFO::Fitting model to feature number 166, ENSG00000007341
2024-03-31 23:43:32.237612 INFO::Fitting model to feature number 167, ENSG00000007372
2024-03-31 23:43:32.284784 INFO::Fitting model to feature number 168, ENSG00000007376
2024-03-31 23:43:32.35947 INFO::Fitting model to feature number 169, ENSG00000007384
2024-03-31 23:43:32.514074 INFO::Fitting model to feature number 170, ENSG00000007392
2024-03-31 23:43:32.571875 INFO::Fitting model to feature number 171, ENSG00000007402
2024-03-31 23:43:32.604779 INFO::Fitting model to feature number 172, ENSG00000007516
2024-03-31 23:43:32.658586 INFO::Fitting model to feature number 173, ENSG00000007520
2024-03-31 23:43:32.703304 INFO::Fitting model to feature number 174, ENSG00000007541
2024-03-31 23:43:32.80723 INFO::Fitting model to feature number 175, ENSG00000007545
2024-03-31 23:43:32.859622 INFO::Fitting model to feature number 176, ENSG00000007866
2024-03-31 23:43:32.910467 INFO::Fitting model to feature number 177, ENSG00000007923
2024-03-31 23:43:32.945679 INFO::Fitting model to feature number 178, ENSG00000007933
2024-03-31 23:43:33.045192 INFO::Fitting model to feature number 179, ENSG00000007944
2024-03-31 23:43:33.098057 INFO::Fitting model to feature number 180, ENSG00000007952
2024-03-31 23:43:33.13792 INFO::Fitting model to feature number 181, ENSG00000007968
2024-03-31 23:43:39.478062 INFO::Fitting model to feature number 182, ENSG00000008018
2024-03-31 23:43:39.641267 INFO::Fitting model to feature number 183, ENSG00000008056
2024-03-31 23:43:39.687691 INFO::Fitting model to feature number 184, ENSG00000008083
2024-03-31 23:43:39.731369 INFO::Fitting model to feature number 185, ENSG00000008086
2024-03-31 23:43:39.771552 INFO::Fitting model to feature number 186, ENSG00000008118
2024-03-31 23:43:39.803065 INFO::Fitting model to feature number 187, ENSG00000008128
2024-03-31 23:43:39.962222 INFO::Fitting model to feature number 188, ENSG00000008130
2024-03-31 23:43:40.011841 INFO::Fitting model to feature number 189, ENSG00000008196
2024-03-31 23:43:40.066043 INFO::Fitting model to feature number 190, ENSG00000008226
2024-03-31 23:43:40.109137 INFO::Fitting model to feature number 191, ENSG00000008256
2024-03-31 23:43:40.216635 INFO::Fitting model to feature number 192, ENSG00000008277
2024-03-31 23:43:40.262742 INFO::Fitting model to feature number 193, ENSG00000008282
2024-03-31 23:43:40.310621 INFO::Fitting model to feature number 194, ENSG00000008283
2024-03-31 23:43:40.35663 INFO::Fitting model to feature number 195, ENSG00000008294
2024-03-31 23:43:40.56703 INFO::Fitting model to feature number 196, ENSG00000008300
2024-03-31 23:43:40.606146 INFO::Fitting model to feature number 197, ENSG00000008311
2024-03-31 23:43:40.64096 INFO::Fitting model to feature number 198, ENSG00000008323
2024-03-31 23:43:40.72963 INFO::Fitting model to feature number 199, ENSG00000008324
2024-03-31 23:43:40.770365 INFO::Fitting model to feature number 200, ENSG00000008382
2024-03-31 23:43:40.816154 INFO::Fitting model to feature number 201, ENSG00000008394
2024-03-31 23:43:40.854574 INFO::Fitting model to feature number 202, ENSG00000008405
2024-03-31 23:43:40.906595 INFO::Fitting model to feature number 203, ENSG00000008438
2024-03-31 23:43:41.365768 INFO::Fitting model to feature number 204, ENSG00000008441
2024-03-31 23:43:41.411175 INFO::Fitting model to feature number 205, ENSG00000008513
2024-03-31 23:43:41.540222 INFO::Fitting model to feature number 206, ENSG00000008516
2024-03-31 23:43:41.580467 INFO::Fitting model to feature number 207, ENSG00000008517
2024-03-31 23:43:41.626595 INFO::Fitting model to feature number 208, ENSG00000008710
2024-03-31 23:43:41.673568 INFO::Fitting model to feature number 209, ENSG00000008735
2024-03-31 23:43:41.706192 INFO::Fitting model to feature number 210, ENSG00000008838
2024-03-31 23:43:41.988654 INFO::Fitting model to feature number 211, ENSG00000008853
2024-03-31 23:43:43.054123 INFO::Fitting model to feature number 212, ENSG00000008869
2024-03-31 23:43:43.10167 INFO::Fitting model to feature number 213, ENSG00000008952
2024-03-31 23:43:50.941669 INFO::Fitting model to feature number 214, ENSG00000008988
2024-03-31 23:43:51.068555 INFO::Fitting model to feature number 215, ENSG00000009307
2024-03-31 23:43:51.126941 INFO::Fitting model to feature number 216, ENSG00000009335
2024-03-31 23:43:51.174321 INFO::Fitting model to feature number 217, ENSG00000009413
2024-03-31 23:43:51.405788 INFO::Fitting model to feature number 218, ENSG00000009694
2024-03-31 23:43:51.444745 INFO::Fitting model to feature number 219, ENSG00000009724
2024-03-31 23:43:51.585902 INFO::Fitting model to feature number 220, ENSG00000009765
2024-03-31 23:43:51.658508 INFO::Fitting model to feature number 221, ENSG00000009780
2024-03-31 23:43:51.691276 INFO::Fitting model to feature number 222, ENSG00000009790
2024-03-31 23:43:51.720323 INFO::Fitting model to feature number 223, ENSG00000009830
2024-03-31 23:43:51.860769 INFO::Fitting model to feature number 224, ENSG00000009844
2024-03-31 23:43:51.898035 INFO::Fitting model to feature number 225, ENSG00000009950
2024-03-31 23:43:51.92601 INFO::Fitting model to feature number 226, ENSG00000009954
2024-03-31 23:43:52.208715 INFO::Fitting model to feature number 227, ENSG00000010017
2024-03-31 23:43:52.245326 INFO::Fitting model to feature number 228, ENSG00000010030
2024-03-31 23:43:52.275708 INFO::Fitting model to feature number 229, ENSG00000010072
2024-03-31 23:43:52.83678 INFO::Fitting model to feature number 230, ENSG00000010165
2024-03-31 23:43:53.248467 INFO::Fitting model to feature number 231, ENSG00000010219
2024-03-31 23:43:53.29948 INFO::Fitting model to feature number 232, ENSG00000010244
2024-03-31 23:43:53.341948 INFO::Fitting model to feature number 233, ENSG00000010256
2024-03-31 23:43:53.378859 INFO::Fitting model to feature number 234, ENSG00000010270
2024-03-31 23:43:53.555772 INFO::Fitting model to feature number 235, ENSG00000010278
2024-03-31 23:43:53.593162 INFO::Fitting model to feature number 236, ENSG00000010292
2024-03-31 23:43:53.6559 INFO::Fitting model to feature number 237, ENSG00000010295
2024-03-31 23:43:57.596094 INFO::Fitting model to feature number 238, ENSG00000010310
2024-03-31 23:43:57.639526 INFO::Fitting model to feature number 239, ENSG00000010318
2024-03-31 23:43:57.699464 INFO::Fitting model to feature number 240, ENSG00000010319
2024-03-31 23:43:57.782624 INFO::Fitting model to feature number 241, ENSG00000010322
2024-03-31 23:43:57.911693 INFO::Fitting model to feature number 242, ENSG00000010327
2024-03-31 23:43:57.96042 INFO::Fitting model to feature number 243, ENSG00000010361
2024-03-31 23:43:58.004892 INFO::Fitting model to feature number 244, ENSG00000010379
2024-03-31 23:43:58.054423 INFO::Fitting model to feature number 245, ENSG00000010404
2024-03-31 23:43:58.090384 INFO::Fitting model to feature number 246, ENSG00000010438
2024-03-31 23:43:58.291644 INFO::Fitting model to feature number 247, ENSG00000010539
2024-03-31 23:43:58.335589 INFO::Fitting model to feature number 248, ENSG00000010610
2024-03-31 23:43:58.390652 INFO::Fitting model to feature number 249, ENSG00000010626
2024-03-31 23:43:58.504037 INFO::Fitting model to feature number 250, ENSG00000010671
2024-03-31 23:43:58.55708 INFO::Fitting model to feature number 251, ENSG00000010704
2024-03-31 23:43:58.626281 INFO::Fitting model to feature number 252, ENSG00000010803
2024-03-31 23:43:58.743637 INFO::Fitting model to feature number 253, ENSG00000010810
2024-03-31 23:43:58.797269 INFO::Fitting model to feature number 254, ENSG00000010818
2024-03-31 23:43:58.864974 INFO::Fitting model to feature number 255, ENSG00000010932
2024-03-31 23:43:59.062792 INFO::Fitting model to feature number 256, ENSG00000011007
2024-03-31 23:43:59.139121 INFO::Fitting model to feature number 257, ENSG00000011009
2024-03-31 23:43:59.190067 INFO::Fitting model to feature number 258, ENSG00000011021
2024-03-31 23:43:59.315789 INFO::Fitting model to feature number 259, ENSG00000011028
2024-03-31 23:43:59.392575 INFO::Fitting model to feature number 260, ENSG00000011083
2024-03-31 23:43:59.452771 INFO::Fitting model to feature number 261, ENSG00000011105
2024-03-31 23:43:59.608344 INFO::Fitting model to feature number 262, ENSG00000011114
2024-03-31 23:43:59.660988 INFO::Fitting model to feature number 263, ENSG00000011132
2024-03-31 23:43:59.708037 INFO::Fitting model to feature number 264, ENSG00000011143
2024-03-31 23:43:59.748248 INFO::Fitting model to feature number 265, ENSG00000011198
2024-03-31 23:43:59.938445 INFO::Fitting model to feature number 266, ENSG00000011201
2024-03-31 23:43:59.972231 INFO::Fitting model to feature number 267, ENSG00000011243
2024-03-31 23:44:00.009053 INFO::Fitting model to feature number 268, ENSG00000011258
2024-03-31 23:44:00.126311 INFO::Fitting model to feature number 269, ENSG00000011260
2024-03-31 23:44:00.170247 INFO::Fitting model to feature number 270, ENSG00000011275
2024-03-31 23:44:00.211676 INFO::Fitting model to feature number 271, ENSG00000011295
2024-03-31 23:44:00.247654 INFO::Fitting model to feature number 272, ENSG00000011304
2024-03-31 23:44:00.424826 INFO::Fitting model to feature number 273, ENSG00000011332
2024-03-31 23:44:00.46034 INFO::Fitting model to feature number 274, ENSG00000011347
2024-03-31 23:44:00.506545 INFO::Fitting model to feature number 275, ENSG00000011376
2024-03-31 23:44:00.560479 INFO::Fitting model to feature number 276, ENSG00000011405
2024-03-31 23:44:00.607449 INFO::Fitting model to feature number 277, ENSG00000011422
2024-03-31 23:44:00.732042 INFO::Fitting model to feature number 278, ENSG00000011426
2024-03-31 23:44:00.78366 INFO::Fitting model to feature number 279, ENSG00000011451
2024-03-31 23:44:00.828636 INFO::Fitting model to feature number 280, ENSG00000011454
2024-03-31 23:44:00.969592 INFO::Fitting model to feature number 281, ENSG00000011465
2024-03-31 23:44:01.023909 INFO::Fitting model to feature number 282, ENSG00000011478
2024-03-31 23:44:01.060146 INFO::Fitting model to feature number 283, ENSG00000011485
2024-03-31 23:44:01.100205 INFO::Fitting model to feature number 284, ENSG00000011523
2024-03-31 23:44:01.145812 INFO::Fitting model to feature number 285, ENSG00000011566
2024-03-31 23:44:01.241082 INFO::Fitting model to feature number 286, ENSG00000011590
2024-03-31 23:44:01.27535 INFO::Fitting model to feature number 287, ENSG00000011600
2024-03-31 23:44:01.323179 INFO::Fitting model to feature number 288, ENSG00000011638
2024-03-31 23:44:01.384375 INFO::Fitting model to feature number 289, ENSG00000011677
2024-03-31 23:44:01.610742 INFO::Fitting model to feature number 290, ENSG00000012048
2024-03-31 23:44:01.823329 INFO::Fitting model to feature number 291, ENSG00000012061
2024-03-31 23:44:01.882057 INFO::Fitting model to feature number 292, ENSG00000012124
2024-03-31 23:44:02.014558 INFO::Fitting model to feature number 293, ENSG00000012171
2024-03-31 23:44:02.050232 INFO::Fitting model to feature number 294, ENSG00000012174
2024-03-31 23:44:02.093654 INFO::Fitting model to feature number 295, ENSG00000012211
2024-03-31 23:44:02.139674 INFO::Fitting model to feature number 296, ENSG00000012223
2024-03-31 23:44:02.167965 INFO::Fitting model to feature number 297, ENSG00000012232
2024-03-31 23:44:02.310882 INFO::Fitting model to feature number 298, ENSG00000012504
2024-03-31 23:44:02.358261 INFO::Fitting model to feature number 299, ENSG00000012660
2024-03-31 23:44:02.394892 INFO::Fitting model to feature number 300, ENSG00000012779
2024-03-31 23:44:02.441593 INFO::Fitting model to feature number 301, ENSG00000012817
2024-03-31 23:44:02.547777 INFO::Fitting model to feature number 302, ENSG00000012822
2024-03-31 23:44:02.602739 INFO::Fitting model to feature number 303, ENSG00000012963
2024-03-31 23:44:02.658883 INFO::Fitting model to feature number 304, ENSG00000012983
2024-03-31 23:44:02.699078 INFO::Fitting model to feature number 305, ENSG00000013016
2024-03-31 23:44:02.891927 INFO::Fitting model to feature number 306, ENSG00000013275
2024-03-31 23:44:02.973546 INFO::Fitting model to feature number 307, ENSG00000013288
2024-03-31 23:44:03.214367 INFO::Fitting model to feature number 308, ENSG00000013293
2024-03-31 23:44:03.251624 INFO::Fitting model to feature number 309, ENSG00000013297
2024-03-31 23:44:03.304273 INFO::Fitting model to feature number 310, ENSG00000013306
2024-03-31 23:44:03.451679 INFO::Fitting model to feature number 311, ENSG00000013364
2024-03-31 23:44:03.509937 INFO::Fitting model to feature number 312, ENSG00000013374
2024-03-31 23:44:03.575223 INFO::Fitting model to feature number 313, ENSG00000013375
2024-03-31 23:44:03.729362 INFO::Fitting model to feature number 314, ENSG00000013392
2024-03-31 23:44:03.77816 INFO::Fitting model to feature number 315, ENSG00000013441
2024-03-31 23:44:03.822591 INFO::Fitting model to feature number 316, ENSG00000013503
2024-03-31 23:44:03.965943 INFO::Fitting model to feature number 317, ENSG00000013523
2024-03-31 23:44:04.006714 INFO::Fitting model to feature number 318, ENSG00000013561
2024-03-31 23:44:04.136947 INFO::Fitting model to feature number 319, ENSG00000013563
2024-03-31 23:44:04.26768 INFO::Fitting model to feature number 320, ENSG00000013573
2024-03-31 23:44:04.316706 INFO::Fitting model to feature number 321, ENSG00000013583
2024-03-31 23:44:04.355157 INFO::Fitting model to feature number 322, ENSG00000013588
2024-03-31 23:44:04.39476 INFO::Fitting model to feature number 323, ENSG00000013619
2024-03-31 23:44:04.492352 INFO::Fitting model to feature number 324, ENSG00000013810
2024-03-31 23:44:04.537442 INFO::Fitting model to feature number 325, ENSG00000014123
2024-03-31 23:44:04.578358 INFO::Fitting model to feature number 326, ENSG00000014138
2024-03-31 23:44:04.625495 INFO::Fitting model to feature number 327, ENSG00000014164
2024-03-31 23:44:04.761923 INFO::Fitting model to feature number 328, ENSG00000014216
2024-03-31 23:44:04.807428 INFO::Fitting model to feature number 329, ENSG00000014257
2024-03-31 23:44:04.877633 INFO::Fitting model to feature number 330, ENSG00000014641
2024-03-31 23:44:04.92454 INFO::Fitting model to feature number 331, ENSG00000014824
2024-03-31 23:44:05.098749 INFO::Fitting model to feature number 332, ENSG00000014914
2024-03-31 23:44:05.157592 INFO::Fitting model to feature number 333, ENSG00000014919
2024-03-31 23:44:05.335516 INFO::Fitting model to feature number 334, ENSG00000015133
2024-03-31 23:44:05.425082 INFO::Fitting model to feature number 335, ENSG00000015153
2024-03-31 23:44:05.470678 INFO::Fitting model to feature number 336, ENSG00000015171
2024-03-31 23:44:05.587705 INFO::Fitting model to feature number 337, ENSG00000015285
2024-03-31 23:44:05.660013 INFO::Fitting model to feature number 338, ENSG00000015413
2024-03-31 23:44:05.73639 INFO::Fitting model to feature number 339, ENSG00000015475
2024-03-31 23:44:05.967044 INFO::Fitting model to feature number 340, ENSG00000015479
2024-03-31 23:44:06.024973 INFO::Fitting model to feature number 341, ENSG00000015520
2024-03-31 23:44:06.178943 INFO::Fitting model to feature number 342, ENSG00000015532
2024-03-31 23:44:06.245205 INFO::Fitting model to feature number 343, ENSG00000015568
2024-03-31 23:44:06.285288 INFO::Fitting model to feature number 344, ENSG00000015592
2024-03-31 23:44:06.413271 INFO::Fitting model to feature number 345, ENSG00000015676
2024-03-31 23:44:06.45225 INFO::Fitting model to feature number 346, ENSG00000016391
2024-03-31 23:44:06.485498 INFO::Fitting model to feature number 347, ENSG00000016402
2024-03-31 23:44:06.516511 INFO::Fitting model to feature number 348, ENSG00000016490
2024-03-31 23:44:06.545992 INFO::Fitting model to feature number 349, ENSG00000016602
2024-03-31 23:44:06.608862 INFO::Fitting model to feature number 350, ENSG00000016864
2024-03-31 23:44:06.872631 INFO::Fitting model to feature number 351, ENSG00000017260
2024-03-31 23:44:07.058412 INFO::Fitting model to feature number 352, ENSG00000017373
2024-03-31 23:44:07.120349 INFO::Fitting model to feature number 353, ENSG00000017427
2024-03-31 23:44:07.49067 INFO::Fitting model to feature number 354, ENSG00000017483
2024-03-31 23:44:07.532865 INFO::Fitting model to feature number 355, ENSG00000017621
2024-03-31 23:44:07.571868 INFO::Fitting model to feature number 356, ENSG00000017797
2024-03-31 23:44:07.609097 INFO::Fitting model to feature number 357, ENSG00000018189
2024-03-31 23:44:07.648762 INFO::Fitting model to feature number 358, ENSG00000018236
2024-03-31 23:44:07.713237 INFO::Fitting model to feature number 359, ENSG00000018280
2024-03-31 23:44:07.839286 INFO::Fitting model to feature number 360, ENSG00000018408
2024-03-31 23:44:07.912863 INFO::Fitting model to feature number 361, ENSG00000018510
2024-03-31 23:44:07.977836 INFO::Fitting model to feature number 362, ENSG00000018607
2024-03-31 23:44:08.141268 INFO::Fitting model to feature number 363, ENSG00000018610
2024-03-31 23:44:08.201935 INFO::Fitting model to feature number 364, ENSG00000018625
2024-03-31 23:44:08.384971 INFO::Fitting model to feature number 365, ENSG00000018699
2024-03-31 23:44:08.440016 INFO::Fitting model to feature number 366, ENSG00000018869
2024-03-31 23:44:08.484311 INFO::Fitting model to feature number 367, ENSG00000019102
2024-03-31 23:44:08.594245 INFO::Fitting model to feature number 368, ENSG00000019144
2024-03-31 23:44:08.669907 INFO::Fitting model to feature number 369, ENSG00000019169
2024-03-31 23:44:08.726776 INFO::Fitting model to feature number 370, ENSG00000019186
2024-03-31 23:44:08.772409 INFO::Fitting model to feature number 371, ENSG00000019485
2024-03-31 23:44:08.928117 INFO::Fitting model to feature number 372, ENSG00000019549
2024-03-31 23:44:09.011702 INFO::Fitting model to feature number 373, ENSG00000019582
2024-03-31 23:44:09.071824 INFO::Fitting model to feature number 374, ENSG00000019991
2024-03-31 23:44:09.197338 INFO::Fitting model to feature number 375, ENSG00000019995
2024-03-31 23:44:09.280345 INFO::Fitting model to feature number 376, ENSG00000020129
2024-03-31 23:44:09.346925 INFO::Fitting model to feature number 377, ENSG00000020181
2024-03-31 23:44:09.626401 INFO::Fitting model to feature number 378, ENSG00000020219
2024-03-31 23:44:09.663812 INFO::Fitting model to feature number 379, ENSG00000020256
2024-03-31 23:44:09.724485 INFO::Fitting model to feature number 380, ENSG00000020426
2024-03-31 23:44:09.770525 INFO::Fitting model to feature number 381, ENSG00000020577
2024-03-31 23:44:09.816973 INFO::Fitting model to feature number 382, ENSG00000020633
2024-03-31 23:44:09.856693 INFO::Fitting model to feature number 383, ENSG00000020922
2024-03-31 23:44:09.914283 INFO::Fitting model to feature number 384, ENSG00000021300
2024-03-31 23:44:10.062092 INFO::Fitting model to feature number 385, ENSG00000021355
2024-03-31 23:44:10.100667 INFO::Fitting model to feature number 386, ENSG00000021461
2024-03-31 23:44:10.157033 INFO::Fitting model to feature number 387, ENSG00000021488
2024-03-31 23:44:10.283443 INFO::Fitting model to feature number 388, ENSG00000021574
2024-03-31 23:44:10.32442 INFO::Fitting model to feature number 389, ENSG00000021645
2024-03-31 23:44:10.364131 INFO::Fitting model to feature number 390, ENSG00000021762
2024-03-31 23:44:10.40531 INFO::Fitting model to feature number 391, ENSG00000021776
2024-03-31 23:44:10.556959 INFO::Fitting model to feature number 392, ENSG00000021826
2024-03-31 23:44:10.625343 INFO::Fitting model to feature number 393, ENSG00000022267
2024-03-31 23:44:10.693364 INFO::Fitting model to feature number 394, ENSG00000022277
2024-03-31 23:44:10.821797 INFO::Fitting model to feature number 395, ENSG00000022556
2024-03-31 23:44:10.869014 INFO::Fitting model to feature number 396, ENSG00000022567
2024-03-31 23:44:10.906686 INFO::Fitting model to feature number 397, ENSG00000022840
2024-03-31 23:44:10.946413 INFO::Fitting model to feature number 398, ENSG00000022976
2024-03-31 23:44:10.993292 INFO::Fitting model to feature number 399, ENSG00000023041
2024-03-31 23:44:11.201 INFO::Fitting model to feature number 400, ENSG00000023171
2024-03-31 23:44:11.256874 INFO::Fitting model to feature number 401, ENSG00000023191
2024-03-31 23:44:11.404172 INFO::Fitting model to feature number 402, ENSG00000023228
2024-03-31 23:44:11.467351 INFO::Fitting model to feature number 403, ENSG00000023287
2024-03-31 23:44:11.513209 INFO::Fitting model to feature number 404, ENSG00000023318
2024-03-31 23:44:11.564062 INFO::Fitting model to feature number 405, ENSG00000023330
2024-03-31 23:44:11.676502 INFO::Fitting model to feature number 406, ENSG00000023445
2024-03-31 23:44:11.726501 INFO::Fitting model to feature number 407, ENSG00000023516
2024-03-31 23:44:11.792626 INFO::Fitting model to feature number 408, ENSG00000023572
2024-03-31 23:44:11.925015 INFO::Fitting model to feature number 409, ENSG00000023608
2024-03-31 23:44:11.973632 INFO::Fitting model to feature number 410, ENSG00000023697
2024-03-31 23:44:12.102048 INFO::Fitting model to feature number 411, ENSG00000023734
2024-03-31 23:44:12.236096 INFO::Fitting model to feature number 412, ENSG00000023839
2024-03-31 23:44:12.282065 INFO::Fitting model to feature number 413, ENSG00000023892
2024-03-31 23:44:12.317272 INFO::Fitting model to feature number 414, ENSG00000023902
2024-03-31 23:44:12.35121 INFO::Fitting model to feature number 415, ENSG00000023909
2024-03-31 23:44:12.629721 INFO::Fitting model to feature number 416, ENSG00000024048
2024-03-31 23:44:12.775252 INFO::Fitting model to feature number 417, ENSG00000024422
2024-03-31 23:44:12.830516 INFO::Fitting model to feature number 418, ENSG00000024526
2024-03-31 23:44:12.870379 INFO::Fitting model to feature number 419, ENSG00000024862
2024-03-31 23:44:12.926965 INFO::Fitting model to feature number 420, ENSG00000025039
2024-03-31 23:44:13.03645 INFO::Fitting model to feature number 421, ENSG00000025156
2024-03-31 23:44:13.087708 INFO::Fitting model to feature number 422, ENSG00000025293
2024-03-31 23:44:13.141974 INFO::Fitting model to feature number 423, ENSG00000025423
2024-03-31 23:44:13.188383 INFO::Fitting model to feature number 424, ENSG00000025434
2024-03-31 23:44:13.328858 INFO::Fitting model to feature number 425, ENSG00000025708
2024-03-31 23:44:13.378801 INFO::Fitting model to feature number 426, ENSG00000025770
2024-03-31 23:44:13.4199 INFO::Fitting model to feature number 427, ENSG00000025772
2024-03-31 23:44:13.455925 INFO::Fitting model to feature number 428, ENSG00000025796
2024-03-31 23:44:13.770889 INFO::Fitting model to feature number 429, ENSG00000025800
2024-03-31 23:44:13.806922 INFO::Fitting model to feature number 430, ENSG00000026025
2024-03-31 23:44:13.870995 INFO::Fitting model to feature number 431, ENSG00000026036
2024-03-31 23:44:13.929336 INFO::Fitting model to feature number 432, ENSG00000026103
2024-03-31 23:44:13.972457 INFO::Fitting model to feature number 433, ENSG00000026297
2024-03-31 23:44:14.008478 INFO::Fitting model to feature number 434, ENSG00000026508
2024-03-31 23:44:14.049894 INFO::Fitting model to feature number 435, ENSG00000026559
2024-03-31 23:44:14.409359 INFO::Fitting model to feature number 436, ENSG00000026652
2024-03-31 23:44:14.454291 INFO::Fitting model to feature number 437, ENSG00000026751
2024-03-31 23:44:14.552723 INFO::Fitting model to feature number 438, ENSG00000026950
2024-03-31 23:44:14.5952 INFO::Fitting model to feature number 439, ENSG00000027001
2024-03-31 23:44:14.707233 INFO::Fitting model to feature number 440, ENSG00000027075
2024-03-31 23:44:14.768195 INFO::Fitting model to feature number 441, ENSG00000027644
2024-03-31 23:44:14.80905 INFO::Fitting model to feature number 442, ENSG00000027697
2024-03-31 23:44:14.860794 INFO::Fitting model to feature number 443, ENSG00000027847
2024-03-31 23:44:15.04665 INFO::Fitting model to feature number 444, ENSG00000027869
2024-03-31 23:44:15.081135 INFO::Fitting model to feature number 445, ENSG00000028116
2024-03-31 23:44:15.142869 INFO::Fitting model to feature number 446, ENSG00000028137
2024-03-31 23:44:15.329533 INFO::Fitting model to feature number 447, ENSG00000028203
2024-03-31 23:44:15.38605 INFO::Fitting model to feature number 448, ENSG00000028277
2024-03-31 23:44:15.433682 INFO::Fitting model to feature number 449, ENSG00000028310
2024-03-31 23:44:15.529048 INFO::Fitting model to feature number 450, ENSG00000028528
2024-03-31 23:44:15.581041 INFO::Fitting model to feature number 451, ENSG00000028839
2024-03-31 23:44:15.62368 INFO::Fitting model to feature number 452, ENSG00000029153
2024-03-31 23:44:15.665177 INFO::Fitting model to feature number 453, ENSG00000029363
2024-03-31 23:44:15.889954 INFO::Fitting model to feature number 454, ENSG00000029364
2024-03-31 23:44:15.961475 INFO::Fitting model to feature number 455, ENSG00000029534
2024-03-31 23:44:16.165862 INFO::Fitting model to feature number 456, ENSG00000029559
2024-03-31 23:44:16.196429 INFO::Fitting model to feature number 457, ENSG00000029639
2024-03-31 23:44:16.23082 INFO::Fitting model to feature number 458, ENSG00000029725
2024-03-31 23:44:16.472477 INFO::Fitting model to feature number 459, ENSG00000029993
2024-03-31 23:44:16.578306 INFO::Fitting model to feature number 460, ENSG00000030066
2024-03-31 23:44:16.627978 INFO::Fitting model to feature number 461, ENSG00000030110
2024-03-31 23:44:16.675782 INFO::Fitting model to feature number 462, ENSG00000030304
2024-03-31 23:44:16.716425 INFO::Fitting model to feature number 463, ENSG00000030419
2024-03-31 23:44:16.752856 INFO::Fitting model to feature number 464, ENSG00000030582
2024-03-31 23:44:16.898235 INFO::Fitting model to feature number 465, ENSG00000031003
2024-03-31 23:44:16.948275 INFO::Fitting model to feature number 466, ENSG00000031081
2024-03-31 23:44:16.982848 INFO::Fitting model to feature number 467, ENSG00000031544
2024-03-31 23:44:17.039415 INFO::Fitting model to feature number 468, ENSG00000031691
2024-03-31 23:44:17.874831 INFO::Fitting model to feature number 469, ENSG00000031698
2024-03-31 23:44:18.042848 INFO::Fitting model to feature number 470, ENSG00000031823
2024-03-31 23:44:18.084308 INFO::Fitting model to feature number 471, ENSG00000032219
2024-03-31 23:44:18.11777 INFO::Fitting model to feature number 472, ENSG00000032389
2024-03-31 23:44:18.152888 INFO::Fitting model to feature number 473, ENSG00000032444
2024-03-31 23:44:18.403402 INFO::Fitting model to feature number 474, ENSG00000032742
2024-03-31 23:44:18.689136 INFO::Fitting model to feature number 475, ENSG00000033011
2024-03-31 23:44:18.728866 INFO::Fitting model to feature number 476, ENSG00000033030
2024-03-31 23:44:22.190763 INFO::Fitting model to feature number 477, ENSG00000033050
2024-03-31 23:44:22.268256 INFO::Fitting model to feature number 478, ENSG00000033100
2024-03-31 23:44:22.302981 INFO::Fitting model to feature number 479, ENSG00000033122
2024-03-31 23:44:22.56867 INFO::Fitting model to feature number 480, ENSG00000033170
2024-03-31 23:44:22.728718 INFO::Fitting model to feature number 481, ENSG00000033178
2024-03-31 23:44:22.777708 INFO::Fitting model to feature number 482, ENSG00000033327
2024-03-31 23:44:22.823477 INFO::Fitting model to feature number 483, ENSG00000033627
2024-03-31 23:44:22.863587 INFO::Fitting model to feature number 484, ENSG00000033800
2024-03-31 23:44:23.071612 INFO::Fitting model to feature number 485, ENSG00000033867
2024-03-31 23:44:23.118084 INFO::Fitting model to feature number 486, ENSG00000034053
2024-03-31 23:44:23.293524 INFO::Fitting model to feature number 487, ENSG00000034063
2024-03-31 23:44:23.354845 INFO::Fitting model to feature number 488, ENSG00000034152
2024-03-31 23:44:23.649813 INFO::Fitting model to feature number 489, ENSG00000034239
2024-03-31 23:44:23.713425 INFO::Fitting model to feature number 490, ENSG00000034510
2024-03-31 23:44:23.879822 INFO::Fitting model to feature number 491, ENSG00000034533
2024-03-31 23:44:23.929795 INFO::Fitting model to feature number 492, ENSG00000034677
2024-03-31 23:44:24.109548 INFO::Fitting model to feature number 493, ENSG00000034693
2024-03-31 23:44:24.151228 INFO::Fitting model to feature number 494, ENSG00000034713
2024-03-31 23:44:24.194036 INFO::Fitting model to feature number 495, ENSG00000034971
2024-03-31 23:44:24.232336 INFO::Fitting model to feature number 496, ENSG00000035115
2024-03-31 23:44:24.276249 INFO::Fitting model to feature number 497, ENSG00000035141
2024-03-31 23:44:24.763468 INFO::Fitting model to feature number 498, ENSG00000035403
2024-03-31 23:44:24.825296 INFO::Fitting model to feature number 499, ENSG00000035499
2024-03-31 23:44:24.990799 INFO::Fitting model to feature number 500, ENSG00000035664
2024-03-31 23:44:25.051834 INFO::Fitting model to feature number 501, ENSG00000035681
2024-03-31 23:44:25.106804 INFO::Fitting model to feature number 502, ENSG00000035687
2024-03-31 23:44:25.252021 INFO::Fitting model to feature number 503, ENSG00000035862
2024-03-31 23:44:25.305361 INFO::Fitting model to feature number 504, ENSG00000035928
2024-03-31 23:44:25.367046 INFO::Fitting model to feature number 505, ENSG00000036054
2024-03-31 23:44:25.6402 INFO::Fitting model to feature number 506, ENSG00000036257
2024-03-31 23:44:25.750057 INFO::Fitting model to feature number 507, ENSG00000036448
2024-03-31 23:44:25.798363 INFO::Fitting model to feature number 508, ENSG00000036473
2024-03-31 23:44:25.858153 INFO::Fitting model to feature number 509, ENSG00000036530
2024-03-31 23:44:25.895072 INFO::Fitting model to feature number 510, ENSG00000036549
2024-03-31 23:44:26.177159 INFO::Fitting model to feature number 511, ENSG00000036672
2024-03-31 23:44:26.306552 INFO::Fitting model to feature number 512, ENSG00000037042
2024-03-31 23:44:26.396389 INFO::Fitting model to feature number 513, ENSG00000037241
2024-03-31 23:44:26.462738 INFO::Fitting model to feature number 514, ENSG00000037280
2024-03-31 23:44:26.781766 INFO::Fitting model to feature number 515, ENSG00000037474
2024-03-31 23:44:26.855812 INFO::Fitting model to feature number 516, ENSG00000037637
2024-03-31 23:44:26.906495 INFO::Fitting model to feature number 517, ENSG00000037749
2024-03-31 23:44:26.968404 INFO::Fitting model to feature number 518, ENSG00000037757
2024-03-31 23:44:27.093034 INFO::Fitting model to feature number 519, ENSG00000037897
2024-03-31 23:44:27.133542 INFO::Fitting model to feature number 520, ENSG00000037965
2024-03-31 23:44:27.173496 INFO::Fitting model to feature number 521, ENSG00000038002
2024-03-31 23:44:27.218353 INFO::Fitting model to feature number 522, ENSG00000038210
2024-03-31 23:44:27.278436 INFO::Fitting model to feature number 523, ENSG00000038219
2024-03-31 23:44:27.796069 INFO::Fitting model to feature number 524, ENSG00000038274
2024-03-31 23:44:27.946087 INFO::Fitting model to feature number 525, ENSG00000038295
2024-03-31 23:44:27.990348 INFO::Fitting model to feature number 526, ENSG00000038358
2024-03-31 23:44:28.031454 INFO::Fitting model to feature number 527, ENSG00000038382
2024-03-31 23:44:28.078061 INFO::Fitting model to feature number 528, ENSG00000038427
2024-03-31 23:44:28.118708 INFO::Fitting model to feature number 529, ENSG00000038532
2024-03-31 23:44:28.313784 INFO::Fitting model to feature number 530, ENSG00000038945
2024-03-31 23:44:28.366667 INFO::Fitting model to feature number 531, ENSG00000039068
2024-03-31 23:44:28.407854 INFO::Fitting model to feature number 532, ENSG00000039123
2024-03-31 23:44:28.525769 INFO::Fitting model to feature number 533, ENSG00000039139
2024-03-31 23:44:28.575954 INFO::Fitting model to feature number 534, ENSG00000039319
2024-03-31 23:44:28.669471 INFO::Fitting model to feature number 535, ENSG00000039523
2024-03-31 23:44:28.806375 INFO::Fitting model to feature number 536, ENSG00000039537
2024-03-31 23:44:28.861449 INFO::Fitting model to feature number 537, ENSG00000039560
2024-03-31 23:44:28.909129 INFO::Fitting model to feature number 538, ENSG00000039600
2024-03-31 23:44:28.950138 INFO::Fitting model to feature number 539, ENSG00000039650
2024-03-31 23:44:29.119603 INFO::Fitting model to feature number 540, ENSG00000039987
2024-03-31 23:44:29.215962 INFO::Fitting model to feature number 541, ENSG00000040199
2024-03-31 23:44:29.451582 INFO::Fitting model to feature number 542, ENSG00000040275
2024-03-31 23:44:29.510922 INFO::Fitting model to feature number 543, ENSG00000040341
2024-03-31 23:44:29.72821 INFO::Fitting model to feature number 544, ENSG00000040487
2024-03-31 23:44:29.763664 INFO::Fitting model to feature number 545, ENSG00000040531
2024-03-31 23:44:29.887616 INFO::Fitting model to feature number 546, ENSG00000040608
2024-03-31 23:44:29.921911 INFO::Fitting model to feature number 547, ENSG00000040633
2024-03-31 23:44:29.970332 INFO::Fitting model to feature number 548, ENSG00000040731
2024-03-31 23:44:30.017476 INFO::Fitting model to feature number 549, ENSG00000040933
2024-03-31 23:44:30.252008 INFO::Fitting model to feature number 550, ENSG00000041353
2024-03-31 23:44:30.290676 INFO::Fitting model to feature number 551, ENSG00000041357
2024-03-31 23:44:30.350229 INFO::Fitting model to feature number 552, ENSG00000041515
2024-03-31 23:44:30.386425 INFO::Fitting model to feature number 553, ENSG00000041802
2024-03-31 23:44:30.7775 INFO::Fitting model to feature number 554, ENSG00000041880
2024-03-31 23:44:30.843013 INFO::Fitting model to feature number 555, ENSG00000041982
2024-03-31 23:44:30.907194 INFO::Fitting model to feature number 556, ENSG00000041988
2024-03-31 23:44:31.032619 INFO::Fitting model to feature number 557, ENSG00000042062
2024-03-31 23:44:31.089087 INFO::Fitting model to feature number 558, ENSG00000042088
2024-03-31 23:44:31.126028 INFO::Fitting model to feature number 559, ENSG00000042286
2024-03-31 23:44:31.190005 INFO::Fitting model to feature number 560, ENSG00000042304
2024-03-31 23:44:31.423604 INFO::Fitting model to feature number 561, ENSG00000042317
2024-03-31 23:44:31.521546 INFO::Fitting model to feature number 562, ENSG00000042429
2024-03-31 23:44:31.579876 INFO::Fitting model to feature number 563, ENSG00000042445
2024-03-31 23:44:31.636548 INFO::Fitting model to feature number 564, ENSG00000042493
2024-03-31 23:44:31.677665 INFO::Fitting model to feature number 565, ENSG00000042753
2024-03-31 23:44:31.736016 INFO::Fitting model to feature number 566, ENSG00000042781
2024-03-31 23:44:31.761998 INFO::Fitting model to feature number 567, ENSG00000042832
2024-03-31 23:44:31.987341 INFO::Fitting model to feature number 568, ENSG00000042980
2024-03-31 23:44:32.106222 INFO::Fitting model to feature number 569, ENSG00000043093
2024-03-31 23:44:32.186907 INFO::Fitting model to feature number 570, ENSG00000043143
2024-03-31 23:44:32.27367 INFO::Fitting model to feature number 571, ENSG00000043514
2024-03-31 23:44:32.650337 INFO::Fitting model to feature number 572, ENSG00000044090
2024-03-31 23:44:32.718752 INFO::Fitting model to feature number 573, ENSG00000044115
2024-03-31 23:44:32.774853 INFO::Fitting model to feature number 574, ENSG00000044446
2024-03-31 23:44:32.833913 INFO::Fitting model to feature number 575, ENSG00000044459
2024-03-31 23:44:32.987413 INFO::Fitting model to feature number 576, ENSG00000044524
2024-03-31 23:44:33.021814 INFO::Fitting model to feature number 577, ENSG00000044574
2024-03-31 23:44:33.076036 INFO::Fitting model to feature number 578, ENSG00000046604
2024-03-31 23:44:33.17782 INFO::Fitting model to feature number 579, ENSG00000046647
2024-03-31 23:44:33.229839 INFO::Fitting model to feature number 580, ENSG00000046651
2024-03-31 23:44:33.287369 INFO::Fitting model to feature number 581, ENSG00000046653
2024-03-31 23:44:33.328985 INFO::Fitting model to feature number 582, ENSG00000046774
2024-03-31 23:44:33.352031 INFO::Fitting model to feature number 583, ENSG00000046889
2024-03-31 23:44:33.387589 INFO::Fitting model to feature number 584, ENSG00000047056
2024-03-31 23:44:33.509976 INFO::Fitting model to feature number 585, ENSG00000047188
2024-03-31 23:44:33.570734 INFO::Fitting model to feature number 586, ENSG00000047230
2024-03-31 23:44:33.614247 INFO::Fitting model to feature number 587, ENSG00000047249
2024-03-31 23:44:33.766757 INFO::Fitting model to feature number 588, ENSG00000047315
2024-03-31 23:44:33.869027 INFO::Fitting model to feature number 589, ENSG00000047346
2024-03-31 23:44:33.911095 INFO::Fitting model to feature number 590, ENSG00000047365
2024-03-31 23:44:34.063059 INFO::Fitting model to feature number 591, ENSG00000047410
2024-03-31 23:44:34.121785 INFO::Fitting model to feature number 592, ENSG00000047457
2024-03-31 23:44:34.152586 INFO::Fitting model to feature number 593, ENSG00000047578
2024-03-31 23:44:34.201097 INFO::Fitting model to feature number 594, ENSG00000047579
2024-03-31 23:44:34.338635 INFO::Fitting model to feature number 595, ENSG00000047597
2024-03-31 23:44:34.382171 INFO::Fitting model to feature number 596, ENSG00000047617
2024-03-31 23:44:34.429382 INFO::Fitting model to feature number 597, ENSG00000047621
2024-03-31 23:44:34.47599 INFO::Fitting model to feature number 598, ENSG00000047634
2024-03-31 23:44:34.652415 INFO::Fitting model to feature number 599, ENSG00000047644
2024-03-31 23:44:34.701176 INFO::Fitting model to feature number 600, ENSG00000047648
2024-03-31 23:44:34.773115 INFO::Fitting model to feature number 601, ENSG00000047662
2024-03-31 23:44:34.918297 INFO::Fitting model to feature number 602, ENSG00000047849
2024-03-31 23:44:35.040969 INFO::Fitting model to feature number 603, ENSG00000047932
2024-03-31 23:44:35.324439 INFO::Fitting model to feature number 604, ENSG00000047936
2024-03-31 23:44:35.368721 INFO::Fitting model to feature number 605, ENSG00000048028
2024-03-31 23:44:35.413612 INFO::Fitting model to feature number 606, ENSG00000048052
2024-03-31 23:44:35.480506 INFO::Fitting model to feature number 607, ENSG00000048140
2024-03-31 23:44:35.522766 INFO::Fitting model to feature number 608, ENSG00000048162
2024-03-31 23:44:35.562915 INFO::Fitting model to feature number 609, ENSG00000048342
2024-03-31 23:44:35.613154 INFO::Fitting model to feature number 610, ENSG00000048392
2024-03-31 23:44:35.726719 INFO::Fitting model to feature number 611, ENSG00000048405
2024-03-31 23:44:35.774623 INFO::Fitting model to feature number 612, ENSG00000048462
2024-03-31 23:44:35.804219 INFO::Fitting model to feature number 613, ENSG00000048471
2024-03-31 23:44:35.844718 INFO::Fitting model to feature number 614, ENSG00000048540
2024-03-31 23:44:35.873258 INFO::Fitting model to feature number 615, ENSG00000048544
2024-03-31 23:44:36.080641 INFO::Fitting model to feature number 616, ENSG00000048545
2024-03-31 23:44:36.123845 INFO::Fitting model to feature number 617, ENSG00000048649
2024-03-31 23:44:36.168011 INFO::Fitting model to feature number 618, ENSG00000048707
2024-03-31 23:44:36.309249 INFO::Fitting model to feature number 619, ENSG00000048740
2024-03-31 23:44:36.349589 INFO::Fitting model to feature number 620, ENSG00000048828
2024-03-31 23:44:36.39631 INFO::Fitting model to feature number 621, ENSG00000048991
2024-03-31 23:44:36.453942 INFO::Fitting model to feature number 622, ENSG00000049089
2024-03-31 23:44:36.615619 INFO::Fitting model to feature number 623, ENSG00000049130
2024-03-31 23:44:36.662669 INFO::Fitting model to feature number 624, ENSG00000049167
2024-03-31 23:44:36.717212 INFO::Fitting model to feature number 625, ENSG00000049192
2024-03-31 23:44:36.876924 INFO::Fitting model to feature number 626, ENSG00000049239
2024-03-31 23:44:36.932179 INFO::Fitting model to feature number 627, ENSG00000049245
2024-03-31 23:44:36.977721 INFO::Fitting model to feature number 628, ENSG00000049246
2024-03-31 23:44:37.022859 INFO::Fitting model to feature number 629, ENSG00000049247
2024-03-31 23:44:37.146907 INFO::Fitting model to feature number 630, ENSG00000049249
2024-03-31 23:44:37.253616 INFO::Fitting model to feature number 631, ENSG00000049283
2024-03-31 23:44:37.516878 INFO::Fitting model to feature number 632, ENSG00000049319
2024-03-31 23:44:37.695879 INFO::Fitting model to feature number 633, ENSG00000049323
2024-03-31 23:44:37.752724 INFO::Fitting model to feature number 634, ENSG00000049449
2024-03-31 23:44:37.794831 INFO::Fitting model to feature number 635, ENSG00000049540
2024-03-31 23:44:37.835879 INFO::Fitting model to feature number 636, ENSG00000049541
2024-03-31 23:44:37.874203 INFO::Fitting model to feature number 637, ENSG00000049618
2024-03-31 23:44:38.041471 INFO::Fitting model to feature number 638, ENSG00000049656
2024-03-31 23:44:38.091179 INFO::Fitting model to feature number 639, ENSG00000049759
2024-03-31 23:44:38.128019 INFO::Fitting model to feature number 640, ENSG00000049768
2024-03-31 23:44:38.297796 INFO::Fitting model to feature number 641, ENSG00000049769
2024-03-31 23:44:38.379422 INFO::Fitting model to feature number 642, ENSG00000049860
2024-03-31 23:44:38.420985 INFO::Fitting model to feature number 643, ENSG00000049883
2024-03-31 23:44:38.545614 INFO::Fitting model to feature number 644, ENSG00000050130
2024-03-31 23:44:38.589477 INFO::Fitting model to feature number 645, ENSG00000050165
2024-03-31 23:44:38.643022 INFO::Fitting model to feature number 646, ENSG00000050327
2024-03-31 23:44:38.795253 INFO::Fitting model to feature number 647, ENSG00000050344
2024-03-31 23:44:38.845721 INFO::Fitting model to feature number 648, ENSG00000050393
2024-03-31 23:44:38.884995 INFO::Fitting model to feature number 649, ENSG00000050405
2024-03-31 23:44:38.939146 INFO::Fitting model to feature number 650, ENSG00000050426
2024-03-31 23:44:39.13004 INFO::Fitting model to feature number 651, ENSG00000050438
2024-03-31 23:44:39.175545 INFO::Fitting model to feature number 652, ENSG00000050555
2024-03-31 23:44:39.229695 INFO::Fitting model to feature number 653, ENSG00000050628
2024-03-31 23:44:39.493304 INFO::Fitting model to feature number 654, ENSG00000050730
2024-03-31 23:44:39.658212 INFO::Fitting model to feature number 655, ENSG00000050748
2024-03-31 23:44:39.706713 INFO::Fitting model to feature number 656, ENSG00000050767
2024-03-31 23:44:39.774409 INFO::Fitting model to feature number 657, ENSG00000050820
2024-03-31 23:44:39.955029 INFO::Fitting model to feature number 658, ENSG00000051009
2024-03-31 23:44:39.986237 INFO::Fitting model to feature number 659, ENSG00000051108
2024-03-31 23:44:40.028577 INFO::Fitting model to feature number 660, ENSG00000051128
2024-03-31 23:44:40.302533 INFO::Fitting model to feature number 661, ENSG00000051180
2024-03-31 23:44:40.341509 INFO::Fitting model to feature number 662, ENSG00000051341
2024-03-31 23:44:40.45525 INFO::Fitting model to feature number 663, ENSG00000051382
2024-03-31 23:44:40.499624 INFO::Fitting model to feature number 664, ENSG00000051523
2024-03-31 23:44:40.563145 INFO::Fitting model to feature number 665, ENSG00000051596
2024-03-31 23:44:40.60285 INFO::Fitting model to feature number 666, ENSG00000051620
2024-03-31 23:44:40.77078 INFO::Fitting model to feature number 667, ENSG00000051825
2024-03-31 23:44:40.802238 INFO::Fitting model to feature number 668, ENSG00000052126
2024-03-31 23:44:40.852022 INFO::Fitting model to feature number 669, ENSG00000052344
2024-03-31 23:44:41.325386 INFO::Fitting model to feature number 670, ENSG00000052723
2024-03-31 23:44:41.360035 INFO::Fitting model to feature number 671, ENSG00000052749
2024-03-31 23:44:41.390397 INFO::Fitting model to feature number 672, ENSG00000052795
2024-03-31 23:44:41.431141 INFO::Fitting model to feature number 673, ENSG00000052802
2024-03-31 23:44:41.462682 INFO::Fitting model to feature number 674, ENSG00000052841
2024-03-31 23:44:41.861307 INFO::Fitting model to feature number 675, ENSG00000052850
2024-03-31 23:44:41.890041 INFO::Fitting model to feature number 676, ENSG00000053254
2024-03-31 23:44:41.940598 INFO::Fitting model to feature number 677, ENSG00000053328
2024-03-31 23:44:41.974867 INFO::Fitting model to feature number 678, ENSG00000053371
2024-03-31 23:44:42.009849 INFO::Fitting model to feature number 679, ENSG00000053372
2024-03-31 23:44:42.497652 INFO::Fitting model to feature number 680, ENSG00000053438
2024-03-31 23:44:42.891596 INFO::Fitting model to feature number 681, ENSG00000053501
2024-03-31 23:44:42.933343 INFO::Fitting model to feature number 682, ENSG00000053524
2024-03-31 23:44:43.005742 INFO::Fitting model to feature number 683, ENSG00000053702
2024-03-31 23:44:43.036097 INFO::Fitting model to feature number 684, ENSG00000053747
2024-03-31 23:44:43.074431 INFO::Fitting model to feature number 685, ENSG00000053770
2024-03-31 23:44:43.116873 INFO::Fitting model to feature number 686, ENSG00000053900
2024-03-31 23:44:43.156885 INFO::Fitting model to feature number 687, ENSG00000053918
2024-03-31 23:44:44.020783 INFO::Fitting model to feature number 688, ENSG00000054116
2024-03-31 23:44:44.085047 INFO::Fitting model to feature number 689, ENSG00000054118
2024-03-31 23:44:44.156267 INFO::Fitting model to feature number 690, ENSG00000054148
2024-03-31 23:44:44.408785 INFO::Fitting model to feature number 691, ENSG00000054179
2024-03-31 23:44:44.464562 INFO::Fitting model to feature number 692, ENSG00000054219
2024-03-31 23:44:44.628796 INFO::Fitting model to feature number 693, ENSG00000054267
2024-03-31 23:44:44.669662 INFO::Fitting model to feature number 694, ENSG00000054277
2024-03-31 23:44:44.711596 INFO::Fitting model to feature number 695, ENSG00000054282
2024-03-31 23:44:44.756622 INFO::Fitting model to feature number 696, ENSG00000054356
2024-03-31 23:44:44.814697 INFO::Fitting model to feature number 697, ENSG00000054392
2024-03-31 23:44:44.958439 INFO::Fitting model to feature number 698, ENSG00000054523
2024-03-31 23:44:45.02952 INFO::Fitting model to feature number 699, ENSG00000054598
2024-03-31 23:44:45.084469 INFO::Fitting model to feature number 700, ENSG00000054611
2024-03-31 23:44:45.292968 INFO::Fitting model to feature number 701, ENSG00000054654
2024-03-31 23:44:45.339011 INFO::Fitting model to feature number 702, ENSG00000054690
2024-03-31 23:44:45.648096 INFO::Fitting model to feature number 703, ENSG00000054793
2024-03-31 23:44:45.694551 INFO::Fitting model to feature number 704, ENSG00000054796
2024-03-31 23:44:45.736602 INFO::Fitting model to feature number 705, ENSG00000054938
2024-03-31 23:44:45.773417 INFO::Fitting model to feature number 706, ENSG00000054965
2024-03-31 23:44:45.823079 INFO::Fitting model to feature number 707, ENSG00000054967
2024-03-31 23:44:45.863495 INFO::Fitting model to feature number 708, ENSG00000054983
2024-03-31 23:44:46.0112 INFO::Fitting model to feature number 709, ENSG00000055044
2024-03-31 23:44:46.049993 INFO::Fitting model to feature number 710, ENSG00000055070
2024-03-31 23:44:46.089342 INFO::Fitting model to feature number 711, ENSG00000055118
2024-03-31 23:44:46.129386 INFO::Fitting model to feature number 712, ENSG00000055130
2024-03-31 23:44:46.189783 INFO::Fitting model to feature number 713, ENSG00000055147
2024-03-31 23:44:46.732218 INFO::Fitting model to feature number 714, ENSG00000055163
2024-03-31 23:44:47.050908 INFO::Fitting model to feature number 715, ENSG00000055208
2024-03-31 23:44:47.097677 INFO::Fitting model to feature number 716, ENSG00000055211
2024-03-31 23:44:47.129996 INFO::Fitting model to feature number 717, ENSG00000055332
2024-03-31 23:44:47.174645 INFO::Fitting model to feature number 718, ENSG00000055483
2024-03-31 23:44:47.214319 INFO::Fitting model to feature number 719, ENSG00000055609
2024-03-31 23:44:47.248237 INFO::Fitting model to feature number 720, ENSG00000055732
2024-03-31 23:44:47.305186 INFO::Fitting model to feature number 721, ENSG00000055813
2024-03-31 23:44:47.608462 INFO::Fitting model to feature number 722, ENSG00000055917
2024-03-31 23:44:47.655479 INFO::Fitting model to feature number 723, ENSG00000055950
2024-03-31 23:44:47.705616 INFO::Fitting model to feature number 724, ENSG00000055955
2024-03-31 23:44:47.74911 INFO::Fitting model to feature number 725, ENSG00000055957
2024-03-31 23:44:47.792793 INFO::Fitting model to feature number 726, ENSG00000056050
2024-03-31 23:44:47.884787 INFO::Fitting model to feature number 727, ENSG00000056097
2024-03-31 23:44:48.396815 INFO::Fitting model to feature number 728, ENSG00000056277
2024-03-31 23:44:48.432001 INFO::Fitting model to feature number 729, ENSG00000056291
2024-03-31 23:44:49.033154 INFO::Fitting model to feature number 730, ENSG00000056558
2024-03-31 23:44:49.069194 INFO::Fitting model to feature number 731, ENSG00000056586
2024-03-31 23:44:49.110006 INFO::Fitting model to feature number 732, ENSG00000056661
2024-03-31 23:44:49.148714 INFO::Fitting model to feature number 733, ENSG00000056736
2024-03-31 23:44:49.182491 INFO::Fitting model to feature number 734, ENSG00000056972
2024-03-31 23:44:49.221451 INFO::Fitting model to feature number 735, ENSG00000056998
2024-03-31 23:44:49.254377 INFO::Fitting model to feature number 736, ENSG00000057019
2024-03-31 23:44:49.285588 INFO::Fitting model to feature number 737, ENSG00000057252
2024-03-31 23:44:50.804216 INFO::Fitting model to feature number 738, ENSG00000057294
2024-03-31 23:44:50.837317 INFO::Fitting model to feature number 739, ENSG00000057468
2024-03-31 23:44:50.869622 INFO::Fitting model to feature number 740, ENSG00000057593
2024-03-31 23:44:50.919891 INFO::Fitting model to feature number 741, ENSG00000057608
2024-03-31 23:44:50.958524 INFO::Fitting model to feature number 742, ENSG00000057657
2024-03-31 23:44:52.243534 INFO::Fitting model to feature number 743, ENSG00000057663
2024-03-31 23:44:52.288509 INFO::Fitting model to feature number 744, ENSG00000057704
2024-03-31 23:44:52.316863 INFO::Fitting model to feature number 745, ENSG00000057757
2024-03-31 23:44:55.238257 INFO::Fitting model to feature number 746, ENSG00000057935
2024-03-31 23:44:55.278071 INFO::Fitting model to feature number 747, ENSG00000058056
2024-03-31 23:44:55.318595 INFO::Fitting model to feature number 748, ENSG00000058063
2024-03-31 23:44:55.369267 INFO::Fitting model to feature number 749, ENSG00000058085
2024-03-31 23:44:58.94929 INFO::Fitting model to feature number 750, ENSG00000058091
2024-03-31 23:44:59.847747 INFO::Fitting model to feature number 751, ENSG00000058262
2024-03-31 23:44:59.958433 INFO::Fitting model to feature number 752, ENSG00000058272
2024-03-31 23:45:00.070003 INFO::Fitting model to feature number 753, ENSG00000058335
2024-03-31 23:45:00.608837 INFO::Fitting model to feature number 754, ENSG00000058404
2024-03-31 23:45:00.932105 INFO::Fitting model to feature number 755, ENSG00000058453
2024-03-31 23:45:00.983429 INFO::Fitting model to feature number 756, ENSG00000058600
2024-03-31 23:45:01.029319 INFO::Fitting model to feature number 757, ENSG00000058668
2024-03-31 23:45:01.094775 INFO::Fitting model to feature number 758, ENSG00000058673
2024-03-31 23:45:01.166955 INFO::Fitting model to feature number 759, ENSG00000058729
2024-03-31 23:45:01.32779 INFO::Fitting model to feature number 760, ENSG00000058799
2024-03-31 23:45:01.381858 INFO::Fitting model to feature number 761, ENSG00000058804
2024-03-31 23:45:01.429006 INFO::Fitting model to feature number 762, ENSG00000058866
2024-03-31 23:45:01.567468 INFO::Fitting model to feature number 763, ENSG00000059122
2024-03-31 23:45:01.622322 INFO::Fitting model to feature number 764, ENSG00000059145
2024-03-31 23:45:01.663159 INFO::Fitting model to feature number 765, ENSG00000059377
2024-03-31 23:45:01.727353 INFO::Fitting model to feature number 766, ENSG00000059378
2024-03-31 23:45:01.908198 INFO::Fitting model to feature number 767, ENSG00000059573
2024-03-31 23:45:01.985115 INFO::Fitting model to feature number 768, ENSG00000059588
2024-03-31 23:45:02.184709 INFO::Fitting model to feature number 769, ENSG00000059691
2024-03-31 23:45:02.239665 INFO::Fitting model to feature number 770, ENSG00000059728
2024-03-31 23:45:02.300534 INFO::Fitting model to feature number 771, ENSG00000059758
2024-03-31 23:45:02.426024 INFO::Fitting model to feature number 772, ENSG00000059769
2024-03-31 23:45:02.535203 INFO::Fitting model to feature number 773, ENSG00000059804
2024-03-31 23:45:02.582095 INFO::Fitting model to feature number 774, ENSG00000059915
2024-03-31 23:45:02.879246 INFO::Fitting model to feature number 775, ENSG00000060069
2024-03-31 23:45:02.923308 INFO::Fitting model to feature number 776, ENSG00000060138
2024-03-31 23:45:02.983255 INFO::Fitting model to feature number 777, ENSG00000060140
2024-03-31 23:45:03.057787 INFO::Fitting model to feature number 778, ENSG00000060237
2024-03-31 23:45:03.113459 INFO::Fitting model to feature number 779, ENSG00000060303
2024-03-31 23:45:03.531868 INFO::Fitting model to feature number 780, ENSG00000060339
2024-03-31 23:45:03.59565 INFO::Fitting model to feature number 781, ENSG00000060491
2024-03-31 23:45:03.660508 INFO::Fitting model to feature number 782, ENSG00000060558
2024-03-31 23:45:03.827531 INFO::Fitting model to feature number 783, ENSG00000060566
2024-03-31 23:45:03.919472 INFO::Fitting model to feature number 784, ENSG00000060642
2024-03-31 23:45:04.032587 INFO::Fitting model to feature number 785, ENSG00000060656
2024-03-31 23:45:04.085713 INFO::Fitting model to feature number 786, ENSG00000060688
2024-03-31 23:45:04.138344 INFO::Fitting model to feature number 787, ENSG00000060709
2024-03-31 23:45:04.331478 INFO::Fitting model to feature number 788, ENSG00000060718
2024-03-31 23:45:04.366053 INFO::Fitting model to feature number 789, ENSG00000060749
2024-03-31 23:45:04.411281 INFO::Fitting model to feature number 790, ENSG00000060762
2024-03-31 23:45:04.464965 INFO::Fitting model to feature number 791, ENSG00000060971
2024-03-31 23:45:04.607034 INFO::Fitting model to feature number 792, ENSG00000060982
2024-03-31 23:45:04.6579 INFO::Fitting model to feature number 793, ENSG00000061273
2024-03-31 23:45:04.701338 INFO::Fitting model to feature number 794, ENSG00000061337
2024-03-31 23:45:04.735767 INFO::Fitting model to feature number 795, ENSG00000061455
2024-03-31 23:45:04.889903 INFO::Fitting model to feature number 796, ENSG00000061656
2024-03-31 23:45:04.935991 INFO::Fitting model to feature number 797, ENSG00000061676
2024-03-31 23:45:04.990163 INFO::Fitting model to feature number 798, ENSG00000061794
2024-03-31 23:45:05.042161 INFO::Fitting model to feature number 799, ENSG00000061918
2024-03-31 23:45:05.318704 INFO::Fitting model to feature number 800, ENSG00000061936
2024-03-31 23:45:05.482848 INFO::Fitting model to feature number 801, ENSG00000061938
2024-03-31 23:45:05.527014 INFO::Fitting model to feature number 802, ENSG00000061987
2024-03-31 23:45:05.570009 INFO::Fitting model to feature number 803, ENSG00000062038
2024-03-31 23:45:05.600806 INFO::Fitting model to feature number 804, ENSG00000062096
2024-03-31 23:45:05.743557 INFO::Fitting model to feature number 805, ENSG00000062194
2024-03-31 23:45:05.802166 INFO::Fitting model to feature number 806, ENSG00000062282
2024-03-31 23:45:05.835045 INFO::Fitting model to feature number 807, ENSG00000062370
2024-03-31 23:45:05.87348 INFO::Fitting model to feature number 808, ENSG00000062485
2024-03-31 23:45:06.051021 INFO::Fitting model to feature number 809, ENSG00000062524
2024-03-31 23:45:06.076105 INFO::Fitting model to feature number 810, ENSG00000062582
2024-03-31 23:45:06.121605 INFO::Fitting model to feature number 811, ENSG00000062598
2024-03-31 23:45:06.240589 INFO::Fitting model to feature number 812, ENSG00000062650
2024-03-31 23:45:06.286672 INFO::Fitting model to feature number 813, ENSG00000062716
2024-03-31 23:45:06.324896 INFO::Fitting model to feature number 814, ENSG00000062725
2024-03-31 23:45:06.374276 INFO::Fitting model to feature number 815, ENSG00000062822
2024-03-31 23:45:06.425398 INFO::Fitting model to feature number 816, ENSG00000063015
2024-03-31 23:45:06.577521 INFO::Fitting model to feature number 817, ENSG00000063046
2024-03-31 23:45:06.630034 INFO::Fitting model to feature number 818, ENSG00000063127
2024-03-31 23:45:06.819369 INFO::Fitting model to feature number 819, ENSG00000063169
2024-03-31 23:45:06.876845 INFO::Fitting model to feature number 820, ENSG00000063176
2024-03-31 23:45:06.927832 INFO::Fitting model to feature number 821, ENSG00000063177
2024-03-31 23:45:06.996418 INFO::Fitting model to feature number 822, ENSG00000063180
2024-03-31 23:45:07.146052 INFO::Fitting model to feature number 823, ENSG00000063241
2024-03-31 23:45:07.217244 INFO::Fitting model to feature number 824, ENSG00000063244
2024-03-31 23:45:07.328108 INFO::Fitting model to feature number 825, ENSG00000063245
2024-03-31 23:45:07.382341 INFO::Fitting model to feature number 826, ENSG00000063322
2024-03-31 23:45:07.466834 INFO::Fitting model to feature number 827, ENSG00000063438
2024-03-31 23:45:07.511936 INFO::Fitting model to feature number 828, ENSG00000063587
2024-03-31 23:45:07.629308 INFO::Fitting model to feature number 829, ENSG00000063601
2024-03-31 23:45:07.675116 INFO::Fitting model to feature number 830, ENSG00000063660
2024-03-31 23:45:07.720096 INFO::Fitting model to feature number 831, ENSG00000063761
2024-03-31 23:45:07.744719 INFO::Fitting model to feature number 832, ENSG00000063854
2024-03-31 23:45:07.783417 INFO::Fitting model to feature number 833, ENSG00000063978
2024-03-31 23:45:08.245521 INFO::Fitting model to feature number 834, ENSG00000064012
2024-03-31 23:45:08.283158 INFO::Fitting model to feature number 835, ENSG00000064042
2024-03-31 23:45:08.316869 INFO::Fitting model to feature number 836, ENSG00000064102
2024-03-31 23:45:08.355671 INFO::Fitting model to feature number 837, ENSG00000064115
2024-03-31 23:45:08.921429 INFO::Fitting model to feature number 838, ENSG00000064199
2024-03-31 23:45:08.960309 INFO::Fitting model to feature number 839, ENSG00000064201
2024-03-31 23:45:08.996707 INFO::Fitting model to feature number 840, ENSG00000064205
2024-03-31 23:45:09.042875 INFO::Fitting model to feature number 841, ENSG00000064225
2024-03-31 23:45:09.068902 INFO::Fitting model to feature number 842, ENSG00000064270
2024-03-31 23:45:09.117416 INFO::Fitting model to feature number 843, ENSG00000064300
2024-03-31 23:45:09.150366 INFO::Fitting model to feature number 844, ENSG00000064309
2024-03-31 23:45:09.183367 INFO::Fitting model to feature number 845, ENSG00000064313
2024-03-31 23:45:09.804681 INFO::Fitting model to feature number 846, ENSG00000064393
2024-03-31 23:45:09.853898 INFO::Fitting model to feature number 847, ENSG00000064419
2024-03-31 23:45:09.894127 INFO::Fitting model to feature number 848, ENSG00000064489
2024-03-31 23:45:09.938938 INFO::Fitting model to feature number 849, ENSG00000064490
2024-03-31 23:45:11.122257 INFO::Fitting model to feature number 850, ENSG00000064545
2024-03-31 23:45:11.205648 INFO::Fitting model to feature number 851, ENSG00000064547
2024-03-31 23:45:11.240823 INFO::Fitting model to feature number 852, ENSG00000064601
2024-03-31 23:45:11.357762 INFO::Fitting model to feature number 853, ENSG00000064607
2024-03-31 23:45:11.570393 INFO::Fitting model to feature number 854, ENSG00000064651
2024-03-31 23:45:11.625539 INFO::Fitting model to feature number 855, ENSG00000064652
2024-03-31 23:45:11.666257 INFO::Fitting model to feature number 856, ENSG00000064655
2024-03-31 23:45:11.836112 INFO::Fitting model to feature number 857, ENSG00000064666
2024-03-31 23:45:11.907118 INFO::Fitting model to feature number 858, ENSG00000064687
2024-03-31 23:45:11.951811 INFO::Fitting model to feature number 859, ENSG00000064692
2024-03-31 23:45:12.083057 INFO::Fitting model to feature number 860, ENSG00000064703
2024-03-31 23:45:12.154505 INFO::Fitting model to feature number 861, ENSG00000064726
2024-03-31 23:45:12.21682 INFO::Fitting model to feature number 862, ENSG00000064763
2024-03-31 23:45:12.342283 INFO::Fitting model to feature number 863, ENSG00000064787
2024-03-31 23:45:12.409812 INFO::Fitting model to feature number 864, ENSG00000064835
2024-03-31 23:45:12.642284 INFO::Fitting model to feature number 865, ENSG00000064886
2024-03-31 23:45:12.694076 INFO::Fitting model to feature number 866, ENSG00000064932
2024-03-31 23:45:12.752755 INFO::Fitting model to feature number 867, ENSG00000064933
2024-03-31 23:45:12.809354 INFO::Fitting model to feature number 868, ENSG00000064961
2024-03-31 23:45:12.95226 INFO::Fitting model to feature number 869, ENSG00000064989
2024-03-31 23:45:13.018235 INFO::Fitting model to feature number 870, ENSG00000064995
2024-03-31 23:45:13.077979 INFO::Fitting model to feature number 871, ENSG00000064999
2024-03-31 23:45:13.293099 INFO::Fitting model to feature number 872, ENSG00000065000
2024-03-31 23:45:13.349826 INFO::Fitting model to feature number 873, ENSG00000065029
2024-03-31 23:45:13.528009 INFO::Fitting model to feature number 874, ENSG00000065054
2024-03-31 23:45:13.601981 INFO::Fitting model to feature number 875, ENSG00000065057
2024-03-31 23:45:13.773506 INFO::Fitting model to feature number 876, ENSG00000065060
2024-03-31 23:45:13.818654 INFO::Fitting model to feature number 877, ENSG00000065135
2024-03-31 23:45:13.877019 INFO::Fitting model to feature number 878, ENSG00000065150
2024-03-31 23:45:13.989641 INFO::Fitting model to feature number 879, ENSG00000065154
2024-03-31 23:45:14.051366 INFO::Fitting model to feature number 880, ENSG00000065183
2024-03-31 23:45:14.096728 INFO::Fitting model to feature number 881, ENSG00000065243
2024-03-31 23:45:14.149049 INFO::Fitting model to feature number 882, ENSG00000065268
2024-03-31 23:45:14.270488 INFO::Fitting model to feature number 883, ENSG00000065308
2024-03-31 23:45:14.380047 INFO::Fitting model to feature number 884, ENSG00000065320
2024-03-31 23:45:14.435668 INFO::Fitting model to feature number 885, ENSG00000065325
2024-03-31 23:45:14.709577 INFO::Fitting model to feature number 886, ENSG00000065328
2024-03-31 23:45:14.985545 INFO::Fitting model to feature number 887, ENSG00000065357
2024-03-31 23:45:15.142075 INFO::Fitting model to feature number 888, ENSG00000065361
2024-03-31 23:45:15.22313 INFO::Fitting model to feature number 889, ENSG00000065371
2024-03-31 23:45:15.284397 INFO::Fitting model to feature number 890, ENSG00000065413
2024-03-31 23:45:15.472681 INFO::Fitting model to feature number 891, ENSG00000065427
2024-03-31 23:45:15.529877 INFO::Fitting model to feature number 892, ENSG00000065457
2024-03-31 23:45:15.694919 INFO::Fitting model to feature number 893, ENSG00000065485
2024-03-31 23:45:15.741206 INFO::Fitting model to feature number 894, ENSG00000065491
2024-03-31 23:45:15.773515 INFO::Fitting model to feature number 895, ENSG00000065518
2024-03-31 23:45:15.818121 INFO::Fitting model to feature number 896, ENSG00000065526
2024-03-31 23:45:15.998129 INFO::Fitting model to feature number 897, ENSG00000065534
2024-03-31 23:45:16.079634 INFO::Fitting model to feature number 898, ENSG00000065548
2024-03-31 23:45:16.206742 INFO::Fitting model to feature number 899, ENSG00000065559
2024-03-31 23:45:16.255091 INFO::Fitting model to feature number 900, ENSG00000065600
2024-03-31 23:45:16.312283 INFO::Fitting model to feature number 901, ENSG00000065609
2024-03-31 23:45:16.34897 INFO::Fitting model to feature number 902, ENSG00000065613
2024-03-31 23:45:16.402785 INFO::Fitting model to feature number 903, ENSG00000065615
2024-03-31 23:45:16.570699 INFO::Fitting model to feature number 904, ENSG00000065618
2024-03-31 23:45:16.59333 INFO::Fitting model to feature number 905, ENSG00000065621
2024-03-31 23:45:16.649183 INFO::Fitting model to feature number 906, ENSG00000065665
2024-03-31 23:45:16.770704 INFO::Fitting model to feature number 907, ENSG00000065675
2024-03-31 23:45:16.808462 INFO::Fitting model to feature number 908, ENSG00000065717
2024-03-31 23:45:16.84265 INFO::Fitting model to feature number 909, ENSG00000065802
2024-03-31 23:45:17.041528 INFO::Fitting model to feature number 910, ENSG00000065809
2024-03-31 23:45:17.108154 INFO::Fitting model to feature number 911, ENSG00000065833
2024-03-31 23:45:17.14983 INFO::Fitting model to feature number 912, ENSG00000065882
2024-03-31 23:45:17.197378 INFO::Fitting model to feature number 913, ENSG00000065883
2024-03-31 23:45:17.238563 INFO::Fitting model to feature number 914, ENSG00000065911
2024-03-31 23:45:17.45976 INFO::Fitting model to feature number 915, ENSG00000065923
2024-03-31 23:45:17.51508 INFO::Fitting model to feature number 916, ENSG00000065970
2024-03-31 23:45:17.70482 INFO::Fitting model to feature number 917, ENSG00000065978
2024-03-31 23:45:17.762474 INFO::Fitting model to feature number 918, ENSG00000065989
2024-03-31 23:45:17.888846 INFO::Fitting model to feature number 919, ENSG00000066027
2024-03-31 23:45:17.931898 INFO::Fitting model to feature number 920, ENSG00000066044
2024-03-31 23:45:18.014012 INFO::Fitting model to feature number 921, ENSG00000066056
2024-03-31 23:45:18.055888 INFO::Fitting model to feature number 922, ENSG00000066084
2024-03-31 23:45:18.214684 INFO::Fitting model to feature number 923, ENSG00000066117
2024-03-31 23:45:18.277179 INFO::Fitting model to feature number 924, ENSG00000066135
2024-03-31 23:45:18.378568 INFO::Fitting model to feature number 925, ENSG00000066136
2024-03-31 23:45:18.427518 INFO::Fitting model to feature number 926, ENSG00000066185
2024-03-31 23:45:18.464911 INFO::Fitting model to feature number 927, ENSG00000066230
2024-03-31 23:45:18.51533 INFO::Fitting model to feature number 928, ENSG00000066248
2024-03-31 23:45:18.567201 INFO::Fitting model to feature number 929, ENSG00000066279
2024-03-31 23:45:18.617277 INFO::Fitting model to feature number 930, ENSG00000066322
2024-03-31 23:45:18.734212 INFO::Fitting model to feature number 931, ENSG00000066336
2024-03-31 23:45:18.773759 INFO::Fitting model to feature number 932, ENSG00000066379
2024-03-31 23:45:18.832995 INFO::Fitting model to feature number 933, ENSG00000066382
2024-03-31 23:45:18.874129 INFO::Fitting model to feature number 934, ENSG00000066405
2024-03-31 23:45:19.050628 INFO::Fitting model to feature number 935, ENSG00000066422
2024-03-31 23:45:19.109371 INFO::Fitting model to feature number 936, ENSG00000066427
2024-03-31 23:45:19.146072 INFO::Fitting model to feature number 937, ENSG00000066455
2024-03-31 23:45:19.191628 INFO::Fitting model to feature number 938, ENSG00000066468
2024-03-31 23:45:19.392026 INFO::Fitting model to feature number 939, ENSG00000066557
2024-03-31 23:45:19.440189 INFO::Fitting model to feature number 940, ENSG00000066583
2024-03-31 23:45:19.8392 INFO::Fitting model to feature number 941, ENSG00000066629
2024-03-31 23:45:19.881585 INFO::Fitting model to feature number 942, ENSG00000066651
2024-03-31 23:45:19.929512 INFO::Fitting model to feature number 943, ENSG00000066654
2024-03-31 23:45:19.969735 INFO::Fitting model to feature number 944, ENSG00000066697
2024-03-31 23:45:20.014574 INFO::Fitting model to feature number 945, ENSG00000066735
2024-03-31 23:45:20.159714 INFO::Fitting model to feature number 946, ENSG00000066739
2024-03-31 23:45:20.203612 INFO::Fitting model to feature number 947, ENSG00000066777
2024-03-31 23:45:20.253276 INFO::Fitting model to feature number 948, ENSG00000066827
2024-03-31 23:45:20.296744 INFO::Fitting model to feature number 949, ENSG00000066855
2024-03-31 23:45:20.661309 INFO::Counting prevalence for each feature
2024-03-31 23:45:20.715163 INFO::Writing all results to file (ordered by increasing q-values): PBMC/all_results.tsv
2024-03-31 23:45:20.739012 INFO::Writing the significant results (those which are less than or equal to the threshold of 0.050000 ) to file (ordered by increasing q-values): PBMC/significant_results.tsv
2024-03-31 23:45:20.742901 INFO::Writing Tweedie inxed plot to file: PBMC
2024-03-31 23:45:20.746668 INFO::Plotting tweedie.index  colored by metadata
2024-03-31 23:45:20.749791 INFO::Plotting tweedie.index
2024-03-31 23:45:20.78795 ERROR::Unable to do make a Tweedie inxed plot of results!!!
2024-03-31 23:45:20.791131 ERROR::err: could not find function "theme_omicsEye"
 2024-03-31 23:45:20.791131 ERROR::err: theme_omicsEye()
