2024-04-02 12:46:53.590552 INFO::Writing function arguments to log file
2024-04-02 12:46:53.595325 DEBUG::Function arguments
2024-04-02 12:46:53.598949 DEBUG::Output folder: TWD
2024-04-02 12:46:53.599513 DEBUG::Abundance threshold: 0.000000
2024-04-02 12:46:53.600041 DEBUG::Prevalence threshold: 0.100000
2024-04-02 12:46:53.600527 DEBUG::Variance threshold: 0.000000
2024-04-02 12:46:53.600979 DEBUG::Base model: CPLM
2024-04-02 12:46:53.60144 DEBUG::Link function: log
2024-04-02 12:46:53.601908 DEBUG::Fixed effects: dex
2024-04-02 12:46:53.60237 DEBUG::Random effects:
2024-04-02 12:46:53.602853 DEBUG::ZSCP cutoff: 0.300000
2024-04-02 12:46:53.604233 DEBUG::ZACP criteria: BIC
2024-04-02 12:46:53.604737 DEBUG::Offset adjustment: TRUE
2024-04-02 12:46:53.605265 DEBUG::Scale factor:
2024-04-02 12:46:53.605745 DEBUG::Max significance: 0.050000
2024-04-02 12:46:53.606185 DEBUG::Correction method: BH
2024-04-02 12:46:53.606618 DEBUG::Standardize: TRUE
2024-04-02 12:46:53.607052 DEBUG::Cores: 1
2024-04-02 12:46:53.607643 DEBUG::Optimization routine: nlminb
2024-04-02 12:46:53.608129 INFO::Determining format of input files
2024-04-02 12:46:53.608901 INFO::Input format is data samples as rows and metadata samples as rows
2024-04-02 12:46:53.609651 DEBUG::A total of 8 samples were found in both the data and metadata
2024-04-02 12:46:53.610076 DEBUG::Reordering data/metadata to use same sample ordering
2024-04-02 12:46:53.613376 INFO::Factor detected for categorial metadata 'dex'. Provide a reference argument or manually set factor ordering to change reference level.
2024-04-02 12:46:53.614117 INFO::Filter data based on min abundance and min prevalence
2024-04-02 12:46:53.614834 INFO::Total samples in data: 8
2024-04-02 12:46:53.615545 INFO::Min samples required with min abundance for a feature not to be filtered: 0.800000
2024-04-02 12:46:53.621436 INFO::Total filtered features with prevalence-abundance filtering: 51
2024-04-02 12:46:53.622462 INFO::Filtered feature names: ENSG00000000005, ENSG00000004809, ENSG00000004848, ENSG00000004939, ENSG00000004948, ENSG00000005001, ENSG00000005981, ENSG00000006059, ENSG00000006071, ENSG00000006075, ENSG00000006116, ENSG00000006377, ENSG00000006555, ENSG00000006611, ENSG00000006659, ENSG00000007129, ENSG00000007216, ENSG00000007306, ENSG00000007350, ENSG00000007908, ENSG00000008197, ENSG00000009709, ENSG00000010282, ENSG00000011052, ENSG00000013725, ENSG00000016082, ENSG00000019505, ENSG00000021852, ENSG00000022355, ENSG00000035720, ENSG00000036565, ENSG00000036828, ENSG00000042813, ENSG00000043039, ENSG00000043355, ENSG00000043462, ENSG00000043591, ENSG00000044012, ENSG00000050030, ENSG00000053108, ENSG00000054803, ENSG00000056487, ENSG00000056678, ENSG00000057149, ENSG00000061492, ENSG00000063515, ENSG00000064195, ENSG00000064218, ENSG00000066032, ENSG00000066294, ENSG00000066813
2024-04-02 12:46:53.630917 INFO::Total filtered features with variance filtering: 0
2024-04-02 12:46:53.631995 INFO::Filtered feature names:
2024-04-02 12:46:53.637573 INFO::Excluded metadata with entropy less or equal to 0:
2024-04-02 12:46:53.639028 INFO::Formula for fixed effects: expr ~  dex
2024-04-02 12:46:53.640412 INFO::Applying z-score to standardize continuous metadata
2024-04-02 12:46:53.648169 INFO::Running selected analysis method: CPLM
2024-04-02 12:46:53.652593 INFO::Fitting model to feature number 1, ENSG00000000003
2024-04-02 12:46:53.687643 INFO::Fitting model to feature number 2, ENSG00000000419
2024-04-02 12:46:53.719182 INFO::Fitting model to feature number 3, ENSG00000000457
2024-04-02 12:46:53.751564 INFO::Fitting model to feature number 4, ENSG00000000460
2024-04-02 12:46:53.773453 INFO::Fitting model to feature number 5, ENSG00000000938
2024-04-02 12:46:53.809417 INFO::Fitting model to feature number 6, ENSG00000000971
2024-04-02 12:46:53.830609 INFO::Fitting model to feature number 7, ENSG00000001036
2024-04-02 12:46:53.858342 INFO::Fitting model to feature number 8, ENSG00000001084
2024-04-02 12:46:53.893486 INFO::Fitting model to feature number 9, ENSG00000001167
2024-04-02 12:46:53.917385 INFO::Fitting model to feature number 10, ENSG00000001460
2024-04-02 12:46:53.952093 INFO::Fitting model to feature number 11, ENSG00000001461
2024-04-02 12:46:53.985141 INFO::Fitting model to feature number 12, ENSG00000001497
2024-04-02 12:46:54.022152 INFO::Fitting model to feature number 13, ENSG00000001561
2024-04-02 12:46:54.054461 INFO::Fitting model to feature number 14, ENSG00000001617
2024-04-02 12:46:54.093228 INFO::Fitting model to feature number 15, ENSG00000001626
2024-04-02 12:46:54.123232 INFO::Fitting model to feature number 16, ENSG00000001629
2024-04-02 12:46:54.158901 INFO::Fitting model to feature number 17, ENSG00000001630
2024-04-02 12:46:54.187851 INFO::Fitting model to feature number 18, ENSG00000001631
2024-04-02 12:46:54.236222 INFO::Fitting model to feature number 19, ENSG00000002016
2024-04-02 12:46:54.270237 INFO::Fitting model to feature number 20, ENSG00000002079
2024-04-02 12:46:54.297081 INFO::Fitting model to feature number 21, ENSG00000002330
2024-04-02 12:46:54.339019 INFO::Fitting model to feature number 22, ENSG00000002549
2024-04-02 12:46:54.373852 INFO::Fitting model to feature number 23, ENSG00000002586
2024-04-02 12:46:54.412967 INFO::Fitting model to feature number 24, ENSG00000002587
2024-04-02 12:46:54.467416 INFO::Fitting model to feature number 25, ENSG00000002726
2024-04-02 12:46:54.50896 INFO::Fitting model to feature number 26, ENSG00000002745
2024-04-02 12:46:54.529789 INFO::Fitting model to feature number 27, ENSG00000002746
2024-04-02 12:46:54.551975 INFO::Fitting model to feature number 28, ENSG00000002822
2024-04-02 12:46:54.57465 INFO::Fitting model to feature number 29, ENSG00000002834
2024-04-02 12:46:54.610966 INFO::Fitting model to feature number 30, ENSG00000002919
2024-04-02 12:46:54.635171 INFO::Fitting model to feature number 31, ENSG00000002933
2024-04-02 12:46:54.664511 INFO::Fitting model to feature number 32, ENSG00000003056
2024-04-02 12:46:54.704425 INFO::Fitting model to feature number 33, ENSG00000003096
2024-04-02 12:46:54.737092 INFO::Fitting model to feature number 34, ENSG00000003137
2024-04-02 12:46:54.760211 INFO::Fitting model to feature number 35, ENSG00000003147
2024-04-02 12:46:54.79019 INFO::Fitting model to feature number 36, ENSG00000003249
2024-04-02 12:46:54.811459 INFO::Fitting model to feature number 37, ENSG00000003393
2024-04-02 12:46:54.837458 INFO::Fitting model to feature number 38, ENSG00000003400
2024-04-02 12:46:54.863732 INFO::Fitting model to feature number 39, ENSG00000003402
2024-04-02 12:46:54.890767 INFO::Fitting model to feature number 40, ENSG00000003436
2024-04-02 12:46:54.916825 INFO::Fitting model to feature number 41, ENSG00000003509
2024-04-02 12:46:54.943402 INFO::Fitting model to feature number 42, ENSG00000003756
2024-04-02 12:46:54.972238 INFO::Fitting model to feature number 43, ENSG00000003987
2024-04-02 12:46:54.996176 INFO::Fitting model to feature number 44, ENSG00000003989
2024-04-02 12:46:55.016587 INFO::Fitting model to feature number 45, ENSG00000004059
2024-04-02 12:46:55.04259 INFO::Fitting model to feature number 46, ENSG00000004139
2024-04-02 12:46:55.064225 INFO::Fitting model to feature number 47, ENSG00000004142
2024-04-02 12:46:55.091532 INFO::Fitting model to feature number 48, ENSG00000004399
2024-04-02 12:46:55.147493 INFO::Fitting model to feature number 49, ENSG00000004455
2024-04-02 12:46:55.170905 INFO::Fitting model to feature number 50, ENSG00000004468
2024-04-02 12:46:55.188638 INFO::Fitting model to feature number 51, ENSG00000004478
2024-04-02 12:46:55.215479 INFO::Fitting model to feature number 52, ENSG00000004487
2024-04-02 12:46:55.238005 INFO::Fitting model to feature number 53, ENSG00000004534
2024-04-02 12:46:55.272241 INFO::Fitting model to feature number 54, ENSG00000004660
2024-04-02 12:46:55.294939 INFO::Fitting model to feature number 55, ENSG00000004700
2024-04-02 12:46:55.320299 INFO::Fitting model to feature number 56, ENSG00000004766
2024-04-02 12:46:55.346285 INFO::Fitting model to feature number 57, ENSG00000004776
2024-04-02 12:46:55.37042 INFO::Fitting model to feature number 58, ENSG00000004777
2024-04-02 12:46:55.400432 INFO::Fitting model to feature number 59, ENSG00000004779
2024-04-02 12:46:55.423947 INFO::Fitting model to feature number 60, ENSG00000004799
2024-04-02 12:46:55.446021 INFO::Fitting model to feature number 61, ENSG00000004838
2024-04-02 12:46:55.465432 INFO::Fitting model to feature number 62, ENSG00000004846
2024-04-02 12:46:55.486831 INFO::Fitting model to feature number 63, ENSG00000004864
2024-04-02 12:46:55.508616 INFO::Fitting model to feature number 64, ENSG00000004866
2024-04-02 12:46:55.53117 INFO::Fitting model to feature number 65, ENSG00000004897
2024-04-02 12:46:55.56281 INFO::Fitting model to feature number 66, ENSG00000004961
2024-04-02 12:46:55.586309 INFO::Fitting model to feature number 67, ENSG00000004975
2024-04-02 12:46:55.621751 INFO::Fitting model to feature number 68, ENSG00000005007
2024-04-02 12:46:55.647522 INFO::Fitting model to feature number 69, ENSG00000005020
2024-04-02 12:46:55.673672 INFO::Fitting model to feature number 70, ENSG00000005022
2024-04-02 12:46:55.706697 INFO::Fitting model to feature number 71, ENSG00000005059
2024-04-02 12:46:55.728949 INFO::Fitting model to feature number 72, ENSG00000005073
2024-04-02 12:46:55.747252 INFO::Fitting model to feature number 73, ENSG00000005075
2024-04-02 12:46:55.792934 INFO::Fitting model to feature number 74, ENSG00000005100
2024-04-02 12:46:55.825892 INFO::Fitting model to feature number 75, ENSG00000005102
2024-04-02 12:46:55.881898 INFO::Fitting model to feature number 76, ENSG00000005108
2024-04-02 12:46:55.899449 INFO::Fitting model to feature number 77, ENSG00000005156
2024-04-02 12:46:55.922101 INFO::Fitting model to feature number 78, ENSG00000005175
2024-04-02 12:46:55.952077 INFO::Fitting model to feature number 79, ENSG00000005187
2024-04-02 12:46:55.973591 INFO::Fitting model to feature number 80, ENSG00000005189
2024-04-02 12:46:56.009026 INFO::Fitting model to feature number 81, ENSG00000005194
2024-04-02 12:46:56.029506 INFO::Fitting model to feature number 82, ENSG00000005206
2024-04-02 12:46:56.056238 INFO::Fitting model to feature number 83, ENSG00000005238
2024-04-02 12:46:56.08149 INFO::Fitting model to feature number 84, ENSG00000005243
2024-04-02 12:46:56.112232 INFO::Fitting model to feature number 85, ENSG00000005249
2024-04-02 12:46:56.13299 INFO::Fitting model to feature number 86, ENSG00000005302
2024-04-02 12:46:56.155884 INFO::Fitting model to feature number 87, ENSG00000005339
2024-04-02 12:46:56.180077 INFO::Fitting model to feature number 88, ENSG00000005379
2024-04-02 12:46:56.199459 INFO::Fitting model to feature number 89, ENSG00000005381
2024-04-02 12:46:56.230377 INFO::Fitting model to feature number 90, ENSG00000005421
2024-04-02 12:46:56.258147 INFO::Fitting model to feature number 91, ENSG00000005436
2024-04-02 12:46:56.277404 INFO::Fitting model to feature number 92, ENSG00000005448
2024-04-02 12:46:56.299725 INFO::Fitting model to feature number 93, ENSG00000005469
2024-04-02 12:46:56.331288 INFO::Fitting model to feature number 94, ENSG00000005471
2024-04-02 12:46:56.352108 INFO::Fitting model to feature number 95, ENSG00000005483
2024-04-02 12:46:56.377543 INFO::Fitting model to feature number 96, ENSG00000005486
2024-04-02 12:46:56.938421 INFO::Fitting model to feature number 97, ENSG00000005513
2024-04-02 12:46:56.968562 INFO::Fitting model to feature number 98, ENSG00000005700
2024-04-02 12:46:56.996818 INFO::Fitting model to feature number 99, ENSG00000005801
2024-04-02 12:46:57.024006 INFO::Fitting model to feature number 100, ENSG00000005810
2024-04-02 12:46:57.058442 INFO::Fitting model to feature number 101, ENSG00000005812
2024-04-02 12:46:57.092072 INFO::Fitting model to feature number 102, ENSG00000005844
2024-04-02 12:46:57.10903 INFO::Fitting model to feature number 103, ENSG00000005882
2024-04-02 12:46:57.140405 INFO::Fitting model to feature number 104, ENSG00000005884
2024-04-02 12:46:57.172577 INFO::Fitting model to feature number 105, ENSG00000005889
2024-04-02 12:46:57.203082 INFO::Fitting model to feature number 106, ENSG00000005893
2024-04-02 12:46:57.239542 INFO::Fitting model to feature number 107, ENSG00000005955
2024-04-02 12:46:57.264082 INFO::Fitting model to feature number 108, ENSG00000005961
2024-04-02 12:46:57.288195 INFO::Fitting model to feature number 109, ENSG00000006007
2024-04-02 12:46:57.314373 INFO::Fitting model to feature number 110, ENSG00000006015
2024-04-02 12:46:57.349328 INFO::Fitting model to feature number 111, ENSG00000006016
2024-04-02 12:46:57.371236 INFO::Fitting model to feature number 112, ENSG00000006025
2024-04-02 12:46:57.402214 INFO::Fitting model to feature number 113, ENSG00000006042
2024-04-02 12:46:57.434855 INFO::Fitting model to feature number 114, ENSG00000006047
2024-04-02 12:46:57.457721 INFO::Fitting model to feature number 115, ENSG00000006062
2024-04-02 12:46:57.48832 INFO::Fitting model to feature number 116, ENSG00000006074
2024-04-02 12:46:57.521956 INFO::Fitting model to feature number 117, ENSG00000006114
2024-04-02 12:46:57.548901 INFO::Fitting model to feature number 118, ENSG00000006118
2024-04-02 12:46:57.583408 INFO::Fitting model to feature number 119, ENSG00000006125
2024-04-02 12:46:57.609886 INFO::Fitting model to feature number 120, ENSG00000006128
2024-04-02 12:46:57.626713 INFO::Fitting model to feature number 121, ENSG00000006194
2024-04-02 12:46:57.681193 INFO::Fitting model to feature number 122, ENSG00000006210
2024-04-02 12:46:57.703455 INFO::Fitting model to feature number 123, ENSG00000006282
2024-04-02 12:46:57.733965 INFO::Fitting model to feature number 124, ENSG00000006283
2024-04-02 12:46:57.753413 INFO::Fitting model to feature number 125, ENSG00000006327
2024-04-02 12:46:57.778001 INFO::Fitting model to feature number 126, ENSG00000006432
2024-04-02 12:46:57.818493 INFO::Fitting model to feature number 127, ENSG00000006451
2024-04-02 12:46:57.844504 INFO::Fitting model to feature number 128, ENSG00000006453
2024-04-02 12:46:57.867662 INFO::Fitting model to feature number 129, ENSG00000006459
2024-04-02 12:46:57.892929 INFO::Fitting model to feature number 130, ENSG00000006468
2024-04-02 12:46:57.917211 INFO::Fitting model to feature number 131, ENSG00000006530
2024-04-02 12:46:57.942557 INFO::Fitting model to feature number 132, ENSG00000006534
2024-04-02 12:46:57.968984 INFO::Fitting model to feature number 133, ENSG00000006576
2024-04-02 12:46:58.001546 INFO::Fitting model to feature number 134, ENSG00000006606
2024-04-02 12:46:58.023742 INFO::Fitting model to feature number 135, ENSG00000006607
2024-04-02 12:46:58.047589 INFO::Fitting model to feature number 136, ENSG00000006625
2024-04-02 12:46:58.076668 INFO::Fitting model to feature number 137, ENSG00000006634
2024-04-02 12:46:58.104353 INFO::Fitting model to feature number 138, ENSG00000006638
2024-04-02 12:46:58.130286 INFO::Fitting model to feature number 139, ENSG00000006652
2024-04-02 12:46:58.155638 INFO::Fitting model to feature number 140, ENSG00000006695
2024-04-02 12:46:58.176165 INFO::Fitting model to feature number 141, ENSG00000006704
2024-04-02 12:46:58.20108 INFO::Fitting model to feature number 142, ENSG00000006712
2024-04-02 12:46:58.224598 INFO::Fitting model to feature number 143, ENSG00000006715
2024-04-02 12:46:58.254613 INFO::Fitting model to feature number 144, ENSG00000006740
2024-04-02 12:46:58.273593 INFO::Fitting model to feature number 145, ENSG00000006744
2024-04-02 12:46:58.297171 INFO::Fitting model to feature number 146, ENSG00000006747
2024-04-02 12:46:58.31043 INFO::Fitting model to feature number 147, ENSG00000006756
2024-04-02 12:46:58.368144 INFO::Fitting model to feature number 148, ENSG00000006757
2024-04-02 12:46:58.391138 INFO::Fitting model to feature number 149, ENSG00000006788
2024-04-02 12:46:58.418783 INFO::Fitting model to feature number 150, ENSG00000006831
2024-04-02 12:46:58.442764 INFO::Fitting model to feature number 151, ENSG00000006837
2024-04-02 12:46:58.462259 INFO::Fitting model to feature number 152, ENSG00000007001
2024-04-02 12:46:58.502584 INFO::Fitting model to feature number 153, ENSG00000007038
2024-04-02 12:46:58.522842 INFO::Fitting model to feature number 154, ENSG00000007047
2024-04-02 12:46:58.549013 INFO::Fitting model to feature number 155, ENSG00000007062
2024-04-02 12:46:58.571018 INFO::Fitting model to feature number 156, ENSG00000007080
2024-04-02 12:46:58.605388 INFO::Fitting model to feature number 157, ENSG00000007168
2024-04-02 12:46:58.645442 INFO::Fitting model to feature number 158, ENSG00000007171
2024-04-02 12:46:58.673103 INFO::Fitting model to feature number 159, ENSG00000007174
2024-04-02 12:46:58.691802 INFO::Fitting model to feature number 160, ENSG00000007202
2024-04-02 12:46:58.718121 INFO::Fitting model to feature number 161, ENSG00000007237
2024-04-02 12:46:58.739667 INFO::Fitting model to feature number 162, ENSG00000007255
2024-04-02 12:46:58.764928 INFO::Fitting model to feature number 163, ENSG00000007264
2024-04-02 12:46:58.807791 INFO::Fitting model to feature number 164, ENSG00000007312
2024-04-02 12:46:58.824453 INFO::Fitting model to feature number 165, ENSG00000007314
2024-04-02 12:46:58.83702 INFO::Fitting model to feature number 166, ENSG00000007341
2024-04-02 12:46:58.868468 INFO::Fitting model to feature number 167, ENSG00000007372
2024-04-02 12:46:58.892952 INFO::Fitting model to feature number 168, ENSG00000007376
2024-04-02 12:46:58.914268 INFO::Fitting model to feature number 169, ENSG00000007384
2024-04-02 12:46:58.941244 INFO::Fitting model to feature number 170, ENSG00000007392
2024-04-02 12:46:58.966396 INFO::Fitting model to feature number 171, ENSG00000007402
2024-04-02 12:46:58.98781 INFO::Fitting model to feature number 172, ENSG00000007516
2024-04-02 12:46:59.042977 INFO::Fitting model to feature number 173, ENSG00000007520
2024-04-02 12:46:59.064723 INFO::Fitting model to feature number 174, ENSG00000007541
2024-04-02 12:46:59.089579 INFO::Fitting model to feature number 175, ENSG00000007545
2024-04-02 12:46:59.117731 INFO::Fitting model to feature number 176, ENSG00000007866
2024-04-02 12:46:59.144796 INFO::Fitting model to feature number 177, ENSG00000007923
2024-04-02 12:46:59.168604 INFO::Fitting model to feature number 178, ENSG00000007933
2024-04-02 12:46:59.19034 INFO::Fitting model to feature number 179, ENSG00000007944
2024-04-02 12:46:59.217861 INFO::Fitting model to feature number 180, ENSG00000007952
2024-04-02 12:46:59.242867 INFO::Fitting model to feature number 181, ENSG00000007968
2024-04-02 12:46:59.270281 INFO::Fitting model to feature number 182, ENSG00000008018
2024-04-02 12:46:59.297378 INFO::Fitting model to feature number 183, ENSG00000008056
2024-04-02 12:46:59.32387 INFO::Fitting model to feature number 184, ENSG00000008083
2024-04-02 12:46:59.351061 INFO::Fitting model to feature number 185, ENSG00000008086
2024-04-02 12:46:59.376664 INFO::Fitting model to feature number 186, ENSG00000008118
2024-04-02 12:46:59.398748 INFO::Fitting model to feature number 187, ENSG00000008128
2024-04-02 12:46:59.42091 INFO::Fitting model to feature number 188, ENSG00000008130
2024-04-02 12:46:59.448698 INFO::Fitting model to feature number 189, ENSG00000008196
2024-04-02 12:46:59.471986 INFO::Fitting model to feature number 190, ENSG00000008226
2024-04-02 12:46:59.491131 INFO::Fitting model to feature number 191, ENSG00000008256
2024-04-02 12:46:59.515231 INFO::Fitting model to feature number 192, ENSG00000008277
2024-04-02 12:46:59.539551 INFO::Fitting model to feature number 193, ENSG00000008282
2024-04-02 12:46:59.567151 INFO::Fitting model to feature number 194, ENSG00000008283
2024-04-02 12:46:59.595906 INFO::Fitting model to feature number 195, ENSG00000008294
2024-04-02 12:46:59.705666 INFO::Fitting model to feature number 196, ENSG00000008300
2024-04-02 12:46:59.729219 INFO::Fitting model to feature number 197, ENSG00000008311
2024-04-02 12:46:59.750943 INFO::Fitting model to feature number 198, ENSG00000008323
2024-04-02 12:46:59.772589 INFO::Fitting model to feature number 199, ENSG00000008324
2024-04-02 12:46:59.797227 INFO::Fitting model to feature number 200, ENSG00000008382
2024-04-02 12:46:59.821997 INFO::Fitting model to feature number 201, ENSG00000008394
2024-04-02 12:46:59.847254 INFO::Fitting model to feature number 202, ENSG00000008405
2024-04-02 12:46:59.88486 INFO::Fitting model to feature number 203, ENSG00000008438
2024-04-02 12:46:59.911158 INFO::Fitting model to feature number 204, ENSG00000008441
2024-04-02 12:46:59.940514 INFO::Fitting model to feature number 205, ENSG00000008513
2024-04-02 12:46:59.973612 INFO::Fitting model to feature number 206, ENSG00000008516
2024-04-02 12:46:59.996485 INFO::Fitting model to feature number 207, ENSG00000008517
2024-04-02 12:47:00.020844 INFO::Fitting model to feature number 208, ENSG00000008710
2024-04-02 12:47:00.046074 INFO::Fitting model to feature number 209, ENSG00000008735
2024-04-02 12:47:00.067096 INFO::Fitting model to feature number 210, ENSG00000008838
2024-04-02 12:47:00.120207 INFO::Fitting model to feature number 211, ENSG00000008853
2024-04-02 12:47:00.143479 INFO::Fitting model to feature number 212, ENSG00000008869
2024-04-02 12:47:00.168335 INFO::Fitting model to feature number 213, ENSG00000008952
2024-04-02 12:47:00.199899 INFO::Fitting model to feature number 214, ENSG00000008988
2024-04-02 12:47:00.226468 INFO::Fitting model to feature number 215, ENSG00000009307
2024-04-02 12:47:00.265093 INFO::Fitting model to feature number 216, ENSG00000009335
2024-04-02 12:47:00.296674 INFO::Fitting model to feature number 217, ENSG00000009413
2024-04-02 12:47:00.320519 INFO::Fitting model to feature number 218, ENSG00000009694
2024-04-02 12:47:00.346867 INFO::Fitting model to feature number 219, ENSG00000009724
2024-04-02 12:47:00.36873 INFO::Fitting model to feature number 220, ENSG00000009765
2024-04-02 12:47:00.420635 INFO::Fitting model to feature number 221, ENSG00000009780
2024-04-02 12:47:00.442597 INFO::Fitting model to feature number 222, ENSG00000009790
2024-04-02 12:47:00.463223 INFO::Fitting model to feature number 223, ENSG00000009830
2024-04-02 12:47:00.49181 INFO::Fitting model to feature number 224, ENSG00000009844
2024-04-02 12:47:00.517322 INFO::Fitting model to feature number 225, ENSG00000009950
2024-04-02 12:47:00.536242 INFO::Fitting model to feature number 226, ENSG00000009954
2024-04-02 12:47:00.585178 INFO::Fitting model to feature number 227, ENSG00000010017
2024-04-02 12:47:00.610497 INFO::Fitting model to feature number 228, ENSG00000010030
2024-04-02 12:47:00.631029 INFO::Fitting model to feature number 229, ENSG00000010072
2024-04-02 12:47:00.656186 INFO::Fitting model to feature number 230, ENSG00000010165
2024-04-02 12:47:00.679337 INFO::Fitting model to feature number 231, ENSG00000010219
2024-04-02 12:47:00.710623 INFO::Fitting model to feature number 232, ENSG00000010244
2024-04-02 12:47:00.737092 INFO::Fitting model to feature number 233, ENSG00000010256
2024-04-02 12:47:00.762495 INFO::Fitting model to feature number 234, ENSG00000010270
2024-04-02 12:47:00.784994 INFO::Fitting model to feature number 235, ENSG00000010278
2024-04-02 12:47:00.808366 INFO::Fitting model to feature number 236, ENSG00000010292
2024-04-02 12:47:00.837911 INFO::Fitting model to feature number 237, ENSG00000010295
2024-04-02 12:47:00.865421 INFO::Fitting model to feature number 238, ENSG00000010310
2024-04-02 12:47:00.884957 INFO::Fitting model to feature number 239, ENSG00000010318
2024-04-02 12:47:00.905174 INFO::Fitting model to feature number 240, ENSG00000010319
2024-04-02 12:47:00.930459 INFO::Fitting model to feature number 241, ENSG00000010322
2024-04-02 12:47:00.957215 INFO::Fitting model to feature number 242, ENSG00000010327
2024-04-02 12:47:00.974825 INFO::Fitting model to feature number 243, ENSG00000010361
2024-04-02 12:47:00.996282 INFO::Fitting model to feature number 244, ENSG00000010379
2024-04-02 12:47:01.021927 INFO::Fitting model to feature number 245, ENSG00000010404
2024-04-02 12:47:01.04636 INFO::Fitting model to feature number 246, ENSG00000010438
2024-04-02 12:47:01.068749 INFO::Fitting model to feature number 247, ENSG00000010539
2024-04-02 12:47:01.092732 INFO::Fitting model to feature number 248, ENSG00000010610
2024-04-02 12:47:01.115712 INFO::Fitting model to feature number 249, ENSG00000010626
2024-04-02 12:47:01.135511 INFO::Fitting model to feature number 250, ENSG00000010671
2024-04-02 12:47:01.156302 INFO::Fitting model to feature number 251, ENSG00000010704
2024-04-02 12:47:01.190824 INFO::Fitting model to feature number 252, ENSG00000010803
2024-04-02 12:47:01.244242 INFO::Fitting model to feature number 253, ENSG00000010810
2024-04-02 12:47:01.270808 INFO::Fitting model to feature number 254, ENSG00000010818
2024-04-02 12:47:01.297901 INFO::Fitting model to feature number 255, ENSG00000010932
2024-04-02 12:47:01.3421 INFO::Fitting model to feature number 256, ENSG00000011007
2024-04-02 12:47:01.375646 INFO::Fitting model to feature number 257, ENSG00000011009
2024-04-02 12:47:01.401369 INFO::Fitting model to feature number 258, ENSG00000011021
2024-04-02 12:47:01.432689 INFO::Fitting model to feature number 259, ENSG00000011028
2024-04-02 12:47:01.467823 INFO::Fitting model to feature number 260, ENSG00000011083
2024-04-02 12:47:01.489066 INFO::Fitting model to feature number 261, ENSG00000011105
2024-04-02 12:47:01.522491 INFO::Fitting model to feature number 262, ENSG00000011114
2024-04-02 12:47:01.552982 INFO::Fitting model to feature number 263, ENSG00000011132
2024-04-02 12:47:01.576968 INFO::Fitting model to feature number 264, ENSG00000011143
2024-04-02 12:47:01.601039 INFO::Fitting model to feature number 265, ENSG00000011198
2024-04-02 12:47:01.631079 INFO::Fitting model to feature number 266, ENSG00000011201
2024-04-02 12:47:01.653263 INFO::Fitting model to feature number 267, ENSG00000011243
2024-04-02 12:47:01.676861 INFO::Fitting model to feature number 268, ENSG00000011258
2024-04-02 12:47:01.702541 INFO::Fitting model to feature number 269, ENSG00000011260
2024-04-02 12:47:01.729347 INFO::Fitting model to feature number 270, ENSG00000011275
2024-04-02 12:47:01.754664 INFO::Fitting model to feature number 271, ENSG00000011295
2024-04-02 12:47:01.802679 INFO::Fitting model to feature number 272, ENSG00000011304
2024-04-02 12:47:01.827766 INFO::Fitting model to feature number 273, ENSG00000011332
2024-04-02 12:47:01.848518 INFO::Fitting model to feature number 274, ENSG00000011347
2024-04-02 12:47:01.872518 INFO::Fitting model to feature number 275, ENSG00000011376
2024-04-02 12:47:01.90235 INFO::Fitting model to feature number 276, ENSG00000011405
2024-04-02 12:47:01.930566 INFO::Fitting model to feature number 277, ENSG00000011422
2024-04-02 12:47:01.961616 INFO::Fitting model to feature number 278, ENSG00000011426
2024-04-02 12:47:01.99027 INFO::Fitting model to feature number 279, ENSG00000011451
2024-04-02 12:47:02.016654 INFO::Fitting model to feature number 280, ENSG00000011454
2024-04-02 12:47:02.042108 INFO::Fitting model to feature number 281, ENSG00000011465
2024-04-02 12:47:02.080661 INFO::Fitting model to feature number 282, ENSG00000011478
2024-04-02 12:47:02.114674 INFO::Fitting model to feature number 283, ENSG00000011485
2024-04-02 12:47:02.142692 INFO::Fitting model to feature number 284, ENSG00000011523
2024-04-02 12:47:02.171179 INFO::Fitting model to feature number 285, ENSG00000011566
2024-04-02 12:47:02.198561 INFO::Fitting model to feature number 286, ENSG00000011590
2024-04-02 12:47:02.221618 INFO::Fitting model to feature number 287, ENSG00000011600
2024-04-02 12:47:02.245156 INFO::Fitting model to feature number 288, ENSG00000011638
2024-04-02 12:47:02.272572 INFO::Fitting model to feature number 289, ENSG00000011677
2024-04-02 12:47:02.31721 INFO::Fitting model to feature number 290, ENSG00000012048
2024-04-02 12:47:02.338567 INFO::Fitting model to feature number 291, ENSG00000012061
2024-04-02 12:47:02.394867 INFO::Fitting model to feature number 292, ENSG00000012124
2024-04-02 12:47:02.418075 INFO::Fitting model to feature number 293, ENSG00000012171
2024-04-02 12:47:02.442133 INFO::Fitting model to feature number 294, ENSG00000012174
2024-04-02 12:47:02.471556 INFO::Fitting model to feature number 295, ENSG00000012211
2024-04-02 12:47:02.499758 INFO::Fitting model to feature number 296, ENSG00000012223
2024-04-02 12:47:02.518396 INFO::Fitting model to feature number 297, ENSG00000012232
2024-04-02 12:47:02.544074 INFO::Fitting model to feature number 298, ENSG00000012504
2024-04-02 12:47:02.578525 INFO::Fitting model to feature number 299, ENSG00000012660
2024-04-02 12:47:02.605637 INFO::Fitting model to feature number 300, ENSG00000012779
2024-04-02 12:47:02.63809 INFO::Fitting model to feature number 301, ENSG00000012817
2024-04-02 12:47:02.66272 INFO::Fitting model to feature number 302, ENSG00000012822
2024-04-02 12:47:02.695163 INFO::Fitting model to feature number 303, ENSG00000012963
2024-04-02 12:47:02.732121 INFO::Fitting model to feature number 304, ENSG00000012983
2024-04-02 12:47:02.760299 INFO::Fitting model to feature number 305, ENSG00000013016
2024-04-02 12:47:02.78996 INFO::Fitting model to feature number 306, ENSG00000013275
2024-04-02 12:47:02.814963 INFO::Fitting model to feature number 307, ENSG00000013288
2024-04-02 12:47:02.84502 INFO::Fitting model to feature number 308, ENSG00000013293
2024-04-02 12:47:02.865341 INFO::Fitting model to feature number 309, ENSG00000013297
2024-04-02 12:47:02.889767 INFO::Fitting model to feature number 310, ENSG00000013306
2024-04-02 12:47:02.92323 INFO::Fitting model to feature number 311, ENSG00000013364
2024-04-02 12:47:02.951188 INFO::Fitting model to feature number 312, ENSG00000013374
2024-04-02 12:47:03.00928 INFO::Fitting model to feature number 313, ENSG00000013375
2024-04-02 12:47:03.037369 INFO::Fitting model to feature number 314, ENSG00000013392
2024-04-02 12:47:03.063025 INFO::Fitting model to feature number 315, ENSG00000013441
2024-04-02 12:47:03.092412 INFO::Fitting model to feature number 316, ENSG00000013503
2024-04-02 12:47:03.128076 INFO::Fitting model to feature number 317, ENSG00000013523
2024-04-02 12:47:03.147017 INFO::Fitting model to feature number 318, ENSG00000013561
2024-04-02 12:47:03.171612 INFO::Fitting model to feature number 319, ENSG00000013563
2024-04-02 12:47:03.196365 INFO::Fitting model to feature number 320, ENSG00000013573
2024-04-02 12:47:03.220788 INFO::Fitting model to feature number 321, ENSG00000013583
2024-04-02 12:47:03.246077 INFO::Fitting model to feature number 322, ENSG00000013588
2024-04-02 12:47:03.26832 INFO::Fitting model to feature number 323, ENSG00000013619
2024-04-02 12:47:03.293406 INFO::Fitting model to feature number 324, ENSG00000013810
2024-04-02 12:47:03.32157 INFO::Fitting model to feature number 325, ENSG00000014123
2024-04-02 12:47:03.34649 INFO::Fitting model to feature number 326, ENSG00000014138
2024-04-02 12:47:03.373214 INFO::Fitting model to feature number 327, ENSG00000014164
2024-04-02 12:47:03.396448 INFO::Fitting model to feature number 328, ENSG00000014216
2024-04-02 12:47:03.421625 INFO::Fitting model to feature number 329, ENSG00000014257
2024-04-02 12:47:03.444158 INFO::Fitting model to feature number 330, ENSG00000014641
2024-04-02 12:47:03.468721 INFO::Fitting model to feature number 331, ENSG00000014824
2024-04-02 12:47:03.491692 INFO::Fitting model to feature number 332, ENSG00000014914
2024-04-02 12:47:03.519333 INFO::Fitting model to feature number 333, ENSG00000014919
2024-04-02 12:47:03.54585 INFO::Fitting model to feature number 334, ENSG00000015133
2024-04-02 12:47:03.611663 INFO::Fitting model to feature number 335, ENSG00000015153
2024-04-02 12:47:03.639326 INFO::Fitting model to feature number 336, ENSG00000015171
2024-04-02 12:47:03.665375 INFO::Fitting model to feature number 337, ENSG00000015285
2024-04-02 12:47:03.692632 INFO::Fitting model to feature number 338, ENSG00000015413
2024-04-02 12:47:03.744391 INFO::Fitting model to feature number 339, ENSG00000015475
2024-04-02 12:47:03.765948 INFO::Fitting model to feature number 340, ENSG00000015479
2024-04-02 12:47:03.798024 INFO::Fitting model to feature number 341, ENSG00000015520
2024-04-02 12:47:03.821113 INFO::Fitting model to feature number 342, ENSG00000015532
2024-04-02 12:47:03.855177 INFO::Fitting model to feature number 343, ENSG00000015568
2024-04-02 12:47:03.879094 INFO::Fitting model to feature number 344, ENSG00000015592
2024-04-02 12:47:03.896396 INFO::Fitting model to feature number 345, ENSG00000015676
2024-04-02 12:47:03.923748 INFO::Fitting model to feature number 346, ENSG00000016391
2024-04-02 12:47:03.946588 INFO::Fitting model to feature number 347, ENSG00000016402
2024-04-02 12:47:03.967201 INFO::Fitting model to feature number 348, ENSG00000016490
2024-04-02 12:47:03.984521 INFO::Fitting model to feature number 349, ENSG00000016602
2024-04-02 12:47:04.021219 INFO::Fitting model to feature number 350, ENSG00000016864
2024-04-02 12:47:04.048109 INFO::Fitting model to feature number 351, ENSG00000017260
2024-04-02 12:47:04.077698 INFO::Fitting model to feature number 352, ENSG00000017373
2024-04-02 12:47:04.100851 INFO::Fitting model to feature number 353, ENSG00000017427
2024-04-02 12:47:04.150027 INFO::Fitting model to feature number 354, ENSG00000017483
2024-04-02 12:47:04.176645 INFO::Fitting model to feature number 355, ENSG00000017621
2024-04-02 12:47:04.201101 INFO::Fitting model to feature number 356, ENSG00000017797
2024-04-02 12:47:04.24791 INFO::Fitting model to feature number 357, ENSG00000018189
2024-04-02 12:47:04.271565 INFO::Fitting model to feature number 358, ENSG00000018236
2024-04-02 12:47:04.291209 INFO::Fitting model to feature number 359, ENSG00000018280
2024-04-02 12:47:04.314695 INFO::Fitting model to feature number 360, ENSG00000018408
2024-04-02 12:47:04.345857 INFO::Fitting model to feature number 361, ENSG00000018510
2024-04-02 12:47:04.374174 INFO::Fitting model to feature number 362, ENSG00000018607
2024-04-02 12:47:04.408761 INFO::Fitting model to feature number 363, ENSG00000018610
2024-04-02 12:47:04.432119 INFO::Fitting model to feature number 364, ENSG00000018625
2024-04-02 12:47:04.453759 INFO::Fitting model to feature number 365, ENSG00000018699
2024-04-02 12:47:04.476491 INFO::Fitting model to feature number 366, ENSG00000018869
2024-04-02 12:47:04.501348 INFO::Fitting model to feature number 367, ENSG00000019102
2024-04-02 12:47:04.522288 INFO::Fitting model to feature number 368, ENSG00000019144
2024-04-02 12:47:04.557044 INFO::Fitting model to feature number 369, ENSG00000019169
2024-04-02 12:47:04.586495 INFO::Fitting model to feature number 370, ENSG00000019186
2024-04-02 12:47:04.611316 INFO::Fitting model to feature number 371, ENSG00000019485
2024-04-02 12:47:04.631951 INFO::Fitting model to feature number 372, ENSG00000019549
2024-04-02 12:47:04.659922 INFO::Fitting model to feature number 373, ENSG00000019582
2024-04-02 12:47:04.683149 INFO::Fitting model to feature number 374, ENSG00000019991
2024-04-02 12:47:04.708527 INFO::Fitting model to feature number 375, ENSG00000019995
2024-04-02 12:47:04.745244 INFO::Fitting model to feature number 376, ENSG00000020129
2024-04-02 12:47:04.770122 INFO::Fitting model to feature number 377, ENSG00000020181
2024-04-02 12:47:04.813928 INFO::Fitting model to feature number 378, ENSG00000020219
2024-04-02 12:47:04.836344 INFO::Fitting model to feature number 379, ENSG00000020256
2024-04-02 12:47:04.867438 INFO::Fitting model to feature number 380, ENSG00000020426
2024-04-02 12:47:04.91856 INFO::Fitting model to feature number 381, ENSG00000020577
2024-04-02 12:47:04.947676 INFO::Fitting model to feature number 382, ENSG00000020633
2024-04-02 12:47:04.971434 INFO::Fitting model to feature number 383, ENSG00000020922
2024-04-02 12:47:05.000175 INFO::Fitting model to feature number 384, ENSG00000021300
2024-04-02 12:47:05.017422 INFO::Fitting model to feature number 385, ENSG00000021355
2024-04-02 12:47:05.03836 INFO::Fitting model to feature number 386, ENSG00000021461
2024-04-02 12:47:05.069957 INFO::Fitting model to feature number 387, ENSG00000021488
2024-04-02 12:47:05.087799 INFO::Fitting model to feature number 388, ENSG00000021574
2024-04-02 12:47:05.112624 INFO::Fitting model to feature number 389, ENSG00000021645
2024-04-02 12:47:05.1348 INFO::Fitting model to feature number 390, ENSG00000021762
2024-04-02 12:47:05.157913 INFO::Fitting model to feature number 391, ENSG00000021776
2024-04-02 12:47:05.187831 INFO::Fitting model to feature number 392, ENSG00000021826
2024-04-02 12:47:05.212833 INFO::Fitting model to feature number 393, ENSG00000022267
2024-04-02 12:47:05.243071 INFO::Fitting model to feature number 394, ENSG00000022277
2024-04-02 12:47:05.265147 INFO::Fitting model to feature number 395, ENSG00000022556
2024-04-02 12:47:05.283375 INFO::Fitting model to feature number 396, ENSG00000022567
2024-04-02 12:47:05.307026 INFO::Fitting model to feature number 397, ENSG00000022840
2024-04-02 12:47:05.330056 INFO::Fitting model to feature number 398, ENSG00000022976
2024-04-02 12:47:05.352666 INFO::Fitting model to feature number 399, ENSG00000023041
2024-04-02 12:47:05.376492 INFO::Fitting model to feature number 400, ENSG00000023171
2024-04-02 12:47:05.450808 INFO::Fitting model to feature number 401, ENSG00000023191
2024-04-02 12:47:05.485758 INFO::Fitting model to feature number 402, ENSG00000023228
2024-04-02 12:47:05.522106 INFO::Fitting model to feature number 403, ENSG00000023287
2024-04-02 12:47:05.548366 INFO::Fitting model to feature number 404, ENSG00000023318
2024-04-02 12:47:05.574849 INFO::Fitting model to feature number 405, ENSG00000023330
2024-04-02 12:47:05.601421 INFO::Fitting model to feature number 406, ENSG00000023445
2024-04-02 12:47:05.624125 INFO::Fitting model to feature number 407, ENSG00000023516
2024-04-02 12:47:05.650574 INFO::Fitting model to feature number 408, ENSG00000023572
2024-04-02 12:47:05.678933 INFO::Fitting model to feature number 409, ENSG00000023608
2024-04-02 12:47:05.69974 INFO::Fitting model to feature number 410, ENSG00000023697
2024-04-02 12:47:05.723584 INFO::Fitting model to feature number 411, ENSG00000023734
2024-04-02 12:47:05.751587 INFO::Fitting model to feature number 412, ENSG00000023839
2024-04-02 12:47:05.774212 INFO::Fitting model to feature number 413, ENSG00000023892
2024-04-02 12:47:05.794159 INFO::Fitting model to feature number 414, ENSG00000023902
2024-04-02 12:47:05.815428 INFO::Fitting model to feature number 415, ENSG00000023909
2024-04-02 12:47:05.840478 INFO::Fitting model to feature number 416, ENSG00000024048
2024-04-02 12:47:05.874108 INFO::Fitting model to feature number 417, ENSG00000024422
2024-04-02 12:47:05.903297 INFO::Fitting model to feature number 418, ENSG00000024526
2024-04-02 12:47:05.926578 INFO::Fitting model to feature number 419, ENSG00000024862
2024-04-02 12:47:05.956212 INFO::Fitting model to feature number 420, ENSG00000025039
2024-04-02 12:47:05.976932 INFO::Fitting model to feature number 421, ENSG00000025156
2024-04-02 12:47:06.014126 INFO::Fitting model to feature number 422, ENSG00000025293
2024-04-02 12:47:06.043166 INFO::Fitting model to feature number 423, ENSG00000025423
2024-04-02 12:47:06.068166 INFO::Fitting model to feature number 424, ENSG00000025434
2024-04-02 12:47:06.096938 INFO::Fitting model to feature number 425, ENSG00000025708
2024-04-02 12:47:06.1483 INFO::Fitting model to feature number 426, ENSG00000025770
2024-04-02 12:47:06.171518 INFO::Fitting model to feature number 427, ENSG00000025772
2024-04-02 12:47:06.194982 INFO::Fitting model to feature number 428, ENSG00000025796
2024-04-02 12:47:06.228125 INFO::Fitting model to feature number 429, ENSG00000025800
2024-04-02 12:47:06.253524 INFO::Fitting model to feature number 430, ENSG00000026025
2024-04-02 12:47:06.282066 INFO::Fitting model to feature number 431, ENSG00000026036
2024-04-02 12:47:06.310363 INFO::Fitting model to feature number 432, ENSG00000026103
2024-04-02 12:47:06.33794 INFO::Fitting model to feature number 433, ENSG00000026297
2024-04-02 12:47:06.361334 INFO::Fitting model to feature number 434, ENSG00000026508
2024-04-02 12:47:06.389272 INFO::Fitting model to feature number 435, ENSG00000026559
2024-04-02 12:47:06.466264 INFO::Fitting model to feature number 436, ENSG00000026652
2024-04-02 12:47:06.493775 INFO::Fitting model to feature number 437, ENSG00000026751
2024-04-02 12:47:06.541389 INFO::Fitting model to feature number 438, ENSG00000026950
2024-04-02 12:47:06.568369 INFO::Fitting model to feature number 439, ENSG00000027001
2024-04-02 12:47:06.594001 INFO::Fitting model to feature number 440, ENSG00000027075
2024-04-02 12:47:06.618984 INFO::Fitting model to feature number 441, ENSG00000027644
2024-04-02 12:47:06.646653 INFO::Fitting model to feature number 442, ENSG00000027697
2024-04-02 12:47:06.671033 INFO::Fitting model to feature number 443, ENSG00000027847
2024-04-02 12:47:06.705443 INFO::Fitting model to feature number 444, ENSG00000027869
2024-04-02 12:47:06.726989 INFO::Fitting model to feature number 445, ENSG00000028116
2024-04-02 12:47:06.760471 INFO::Fitting model to feature number 446, ENSG00000028137
2024-04-02 12:47:06.78705 INFO::Fitting model to feature number 447, ENSG00000028203
2024-04-02 12:47:06.834754 INFO::Fitting model to feature number 448, ENSG00000028277
2024-04-02 12:47:06.857276 INFO::Fitting model to feature number 449, ENSG00000028310
2024-04-02 12:47:06.883892 INFO::Fitting model to feature number 450, ENSG00000028528
2024-04-02 12:47:06.917615 INFO::Fitting model to feature number 451, ENSG00000028839
2024-04-02 12:47:06.945035 INFO::Fitting model to feature number 452, ENSG00000029153
2024-04-02 12:47:06.970718 INFO::Fitting model to feature number 453, ENSG00000029363
2024-04-02 12:47:07.006795 INFO::Fitting model to feature number 454, ENSG00000029364
2024-04-02 12:47:07.035313 INFO::Fitting model to feature number 455, ENSG00000029534
2024-04-02 12:47:07.055358 INFO::Fitting model to feature number 456, ENSG00000029559
2024-04-02 12:47:07.071671 INFO::Fitting model to feature number 457, ENSG00000029639
2024-04-02 12:47:07.092565 INFO::Fitting model to feature number 458, ENSG00000029725
2024-04-02 12:47:07.119293 INFO::Fitting model to feature number 459, ENSG00000029993
2024-04-02 12:47:07.147207 INFO::Fitting model to feature number 460, ENSG00000030066
2024-04-02 12:47:07.174796 INFO::Fitting model to feature number 461, ENSG00000030110
2024-04-02 12:47:07.205822 INFO::Fitting model to feature number 462, ENSG00000030304
2024-04-02 12:47:07.231017 INFO::Fitting model to feature number 463, ENSG00000030419
2024-04-02 12:47:07.255736 INFO::Fitting model to feature number 464, ENSG00000030582
2024-04-02 12:47:07.338423 INFO::Fitting model to feature number 465, ENSG00000031003
2024-04-02 12:47:07.367681 INFO::Fitting model to feature number 466, ENSG00000031081
2024-04-02 12:47:07.388682 INFO::Fitting model to feature number 467, ENSG00000031544
2024-04-02 12:47:07.416984 INFO::Fitting model to feature number 468, ENSG00000031691
2024-04-02 12:47:07.451728 INFO::Fitting model to feature number 469, ENSG00000031698
2024-04-02 12:47:07.473353 INFO::Fitting model to feature number 470, ENSG00000031823
2024-04-02 12:47:07.500299 INFO::Fitting model to feature number 471, ENSG00000032219
2024-04-02 12:47:07.523425 INFO::Fitting model to feature number 472, ENSG00000032389
2024-04-02 12:47:07.548536 INFO::Fitting model to feature number 473, ENSG00000032444
2024-04-02 12:47:07.577721 INFO::Fitting model to feature number 474, ENSG00000032742
2024-04-02 12:47:07.610545 INFO::Fitting model to feature number 475, ENSG00000033011
2024-04-02 12:47:07.637871 INFO::Fitting model to feature number 476, ENSG00000033030
2024-04-02 12:47:07.666383 INFO::Fitting model to feature number 477, ENSG00000033050
2024-04-02 12:47:07.693766 INFO::Fitting model to feature number 478, ENSG00000033100
2024-04-02 12:47:07.71639 INFO::Fitting model to feature number 479, ENSG00000033122
2024-04-02 12:47:07.737503 INFO::Fitting model to feature number 480, ENSG00000033170
2024-04-02 12:47:07.777095 INFO::Fitting model to feature number 481, ENSG00000033178
2024-04-02 12:47:07.803603 INFO::Fitting model to feature number 482, ENSG00000033327
2024-04-02 12:47:07.831238 INFO::Fitting model to feature number 483, ENSG00000033627
2024-04-02 12:47:07.853638 INFO::Fitting model to feature number 484, ENSG00000033800
2024-04-02 12:47:07.907162 INFO::Fitting model to feature number 485, ENSG00000033867
2024-04-02 12:47:07.932178 INFO::Fitting model to feature number 486, ENSG00000034053
2024-04-02 12:47:07.95282 INFO::Fitting model to feature number 487, ENSG00000034063
2024-04-02 12:47:07.981475 INFO::Fitting model to feature number 488, ENSG00000034152
2024-04-02 12:47:08.054445 INFO::Fitting model to feature number 489, ENSG00000034239
2024-04-02 12:47:08.092858 INFO::Fitting model to feature number 490, ENSG00000034510
2024-04-02 12:47:08.121081 INFO::Fitting model to feature number 491, ENSG00000034533
2024-04-02 12:47:08.142976 INFO::Fitting model to feature number 492, ENSG00000034677
2024-04-02 12:47:08.166315 INFO::Fitting model to feature number 493, ENSG00000034693
2024-04-02 12:47:08.189869 INFO::Fitting model to feature number 494, ENSG00000034713
2024-04-02 12:47:08.213915 INFO::Fitting model to feature number 495, ENSG00000034971
2024-04-02 12:47:08.234196 INFO::Fitting model to feature number 496, ENSG00000035115
2024-04-02 12:47:08.257089 INFO::Fitting model to feature number 497, ENSG00000035141
2024-04-02 12:47:08.284402 INFO::Fitting model to feature number 498, ENSG00000035403
2024-04-02 12:47:08.312577 INFO::Fitting model to feature number 499, ENSG00000035499
2024-04-02 12:47:08.333525 INFO::Fitting model to feature number 500, ENSG00000035664
2024-04-02 12:47:08.363228 INFO::Fitting model to feature number 501, ENSG00000035681
2024-04-02 12:47:08.390383 INFO::Fitting model to feature number 502, ENSG00000035687
2024-04-02 12:47:08.420381 INFO::Fitting model to feature number 503, ENSG00000035862
2024-04-02 12:47:08.449147 INFO::Fitting model to feature number 504, ENSG00000035928
2024-04-02 12:47:08.475929 INFO::Fitting model to feature number 505, ENSG00000036054
2024-04-02 12:47:08.535672 INFO::Fitting model to feature number 506, ENSG00000036257
2024-04-02 12:47:08.561208 INFO::Fitting model to feature number 507, ENSG00000036448
2024-04-02 12:47:08.586391 INFO::Fitting model to feature number 508, ENSG00000036473
2024-04-02 12:47:08.615729 INFO::Fitting model to feature number 509, ENSG00000036530
2024-04-02 12:47:08.633857 INFO::Fitting model to feature number 510, ENSG00000036549
2024-04-02 12:47:08.656862 INFO::Fitting model to feature number 511, ENSG00000036672
2024-04-02 12:47:08.683518 INFO::Fitting model to feature number 512, ENSG00000037042
2024-04-02 12:47:08.705923 INFO::Fitting model to feature number 513, ENSG00000037241
2024-04-02 12:47:08.734907 INFO::Fitting model to feature number 514, ENSG00000037280
2024-04-02 12:47:08.763731 INFO::Fitting model to feature number 515, ENSG00000037474
2024-04-02 12:47:08.790678 INFO::Fitting model to feature number 516, ENSG00000037637
2024-04-02 12:47:08.820444 INFO::Fitting model to feature number 517, ENSG00000037749
2024-04-02 12:47:08.849009 INFO::Fitting model to feature number 518, ENSG00000037757
2024-04-02 12:47:08.887572 INFO::Fitting model to feature number 519, ENSG00000037897
2024-04-02 12:47:08.910836 INFO::Fitting model to feature number 520, ENSG00000037965
2024-04-02 12:47:08.931943 INFO::Fitting model to feature number 521, ENSG00000038002
2024-04-02 12:47:08.958604 INFO::Fitting model to feature number 522, ENSG00000038210
2024-04-02 12:47:08.988498 INFO::Fitting model to feature number 523, ENSG00000038219
2024-04-02 12:47:09.023092 INFO::Fitting model to feature number 524, ENSG00000038274
2024-04-02 12:47:09.054734 INFO::Fitting model to feature number 525, ENSG00000038295
2024-04-02 12:47:09.078827 INFO::Fitting model to feature number 526, ENSG00000038358
2024-04-02 12:47:09.103084 INFO::Fitting model to feature number 527, ENSG00000038382
2024-04-02 12:47:09.128858 INFO::Fitting model to feature number 528, ENSG00000038427
2024-04-02 12:47:09.153343 INFO::Fitting model to feature number 529, ENSG00000038532
2024-04-02 12:47:09.202978 INFO::Fitting model to feature number 530, ENSG00000038945
2024-04-02 12:47:09.227878 INFO::Fitting model to feature number 531, ENSG00000039068
2024-04-02 12:47:09.251075 INFO::Fitting model to feature number 532, ENSG00000039123
2024-04-02 12:47:09.276113 INFO::Fitting model to feature number 533, ENSG00000039139
2024-04-02 12:47:09.300605 INFO::Fitting model to feature number 534, ENSG00000039319
2024-04-02 12:47:09.327151 INFO::Fitting model to feature number 535, ENSG00000039523
2024-04-02 12:47:09.360138 INFO::Fitting model to feature number 536, ENSG00000039537
2024-04-02 12:47:09.386436 INFO::Fitting model to feature number 537, ENSG00000039560
2024-04-02 12:47:09.413523 INFO::Fitting model to feature number 538, ENSG00000039600
2024-04-02 12:47:09.433198 INFO::Fitting model to feature number 539, ENSG00000039650
2024-04-02 12:47:09.459643 INFO::Fitting model to feature number 540, ENSG00000039987
2024-04-02 12:47:09.515788 INFO::Fitting model to feature number 541, ENSG00000040199
2024-04-02 12:47:09.54449 INFO::Fitting model to feature number 542, ENSG00000040275
2024-04-02 12:47:09.577164 INFO::Fitting model to feature number 543, ENSG00000040341
2024-04-02 12:47:09.600914 INFO::Fitting model to feature number 544, ENSG00000040487
2024-04-02 12:47:09.624624 INFO::Fitting model to feature number 545, ENSG00000040531
2024-04-02 12:47:09.648231 INFO::Fitting model to feature number 546, ENSG00000040608
2024-04-02 12:47:09.668773 INFO::Fitting model to feature number 547, ENSG00000040633
2024-04-02 12:47:09.697 INFO::Fitting model to feature number 548, ENSG00000040731
2024-04-02 12:47:09.721275 INFO::Fitting model to feature number 549, ENSG00000040933
2024-04-02 12:47:09.754995 INFO::Fitting model to feature number 550, ENSG00000041353
2024-04-02 12:47:09.778657 INFO::Fitting model to feature number 551, ENSG00000041357
2024-04-02 12:47:09.802598 INFO::Fitting model to feature number 552, ENSG00000041515
2024-04-02 12:47:09.826695 INFO::Fitting model to feature number 553, ENSG00000041802
2024-04-02 12:47:09.875985 INFO::Fitting model to feature number 554, ENSG00000041880
2024-04-02 12:47:09.89752 INFO::Fitting model to feature number 555, ENSG00000041982
2024-04-02 12:47:09.926906 INFO::Fitting model to feature number 556, ENSG00000041988
2024-04-02 12:47:09.947132 INFO::Fitting model to feature number 557, ENSG00000042062
2024-04-02 12:47:09.97423 INFO::Fitting model to feature number 558, ENSG00000042088
2024-04-02 12:47:09.995063 INFO::Fitting model to feature number 559, ENSG00000042286
2024-04-02 12:47:10.025228 INFO::Fitting model to feature number 560, ENSG00000042304
2024-04-02 12:47:10.042801 INFO::Fitting model to feature number 561, ENSG00000042317
2024-04-02 12:47:10.064975 INFO::Fitting model to feature number 562, ENSG00000042429
2024-04-02 12:47:10.091883 INFO::Fitting model to feature number 563, ENSG00000042445
2024-04-02 12:47:10.113509 INFO::Fitting model to feature number 564, ENSG00000042493
2024-04-02 12:47:10.139204 INFO::Fitting model to feature number 565, ENSG00000042753
2024-04-02 12:47:10.164407 INFO::Fitting model to feature number 566, ENSG00000042781
2024-04-02 12:47:10.180496 INFO::Fitting model to feature number 567, ENSG00000042832
2024-04-02 12:47:10.215659 INFO::Fitting model to feature number 568, ENSG00000042980
2024-04-02 12:47:10.23551 INFO::Fitting model to feature number 569, ENSG00000043093
2024-04-02 12:47:10.264839 INFO::Fitting model to feature number 570, ENSG00000043143
2024-04-02 12:47:10.293241 INFO::Fitting model to feature number 571, ENSG00000043514
2024-04-02 12:47:10.314634 INFO::Fitting model to feature number 572, ENSG00000044090
2024-04-02 12:47:10.348377 INFO::Fitting model to feature number 573, ENSG00000044115
2024-04-02 12:47:10.38257 INFO::Fitting model to feature number 574, ENSG00000044446
2024-04-02 12:47:10.411732 INFO::Fitting model to feature number 575, ENSG00000044459
2024-04-02 12:47:10.436575 INFO::Fitting model to feature number 576, ENSG00000044524
2024-04-02 12:47:10.455809 INFO::Fitting model to feature number 577, ENSG00000044574
2024-04-02 12:47:10.480975 INFO::Fitting model to feature number 578, ENSG00000046604
2024-04-02 12:47:10.502365 INFO::Fitting model to feature number 579, ENSG00000046647
2024-04-02 12:47:10.556664 INFO::Fitting model to feature number 580, ENSG00000046651
2024-04-02 12:47:10.589042 INFO::Fitting model to feature number 581, ENSG00000046653
2024-04-02 12:47:10.610026 INFO::Fitting model to feature number 582, ENSG00000046774
2024-04-02 12:47:10.623601 INFO::Fitting model to feature number 583, ENSG00000046889
2024-04-02 12:47:10.645042 INFO::Fitting model to feature number 584, ENSG00000047056
2024-04-02 12:47:10.674583 INFO::Fitting model to feature number 585, ENSG00000047188
2024-04-02 12:47:10.70232 INFO::Fitting model to feature number 586, ENSG00000047230
2024-04-02 12:47:10.724492 INFO::Fitting model to feature number 587, ENSG00000047249
2024-04-02 12:47:10.753903 INFO::Fitting model to feature number 588, ENSG00000047315
2024-04-02 12:47:10.78176 INFO::Fitting model to feature number 589, ENSG00000047346
2024-04-02 12:47:10.806212 INFO::Fitting model to feature number 590, ENSG00000047365
2024-04-02 12:47:10.830196 INFO::Fitting model to feature number 591, ENSG00000047410
2024-04-02 12:47:10.863297 INFO::Fitting model to feature number 592, ENSG00000047457
2024-04-02 12:47:10.881118 INFO::Fitting model to feature number 593, ENSG00000047578
2024-04-02 12:47:10.910018 INFO::Fitting model to feature number 594, ENSG00000047579
2024-04-02 12:47:10.942494 INFO::Fitting model to feature number 595, ENSG00000047597
2024-04-02 12:47:10.968276 INFO::Fitting model to feature number 596, ENSG00000047617
2024-04-02 12:47:10.99327 INFO::Fitting model to feature number 597, ENSG00000047621
2024-04-02 12:47:11.016751 INFO::Fitting model to feature number 598, ENSG00000047634
2024-04-02 12:47:11.042982 INFO::Fitting model to feature number 599, ENSG00000047644
2024-04-02 12:47:11.068668 INFO::Fitting model to feature number 600, ENSG00000047648
2024-04-02 12:47:11.095414 INFO::Fitting model to feature number 601, ENSG00000047662
2024-04-02 12:47:11.135256 INFO::Fitting model to feature number 602, ENSG00000047849
2024-04-02 12:47:11.198929 INFO::Fitting model to feature number 603, ENSG00000047932
2024-04-02 12:47:11.225325 INFO::Fitting model to feature number 604, ENSG00000047936
2024-04-02 12:47:11.243774 INFO::Fitting model to feature number 605, ENSG00000048028
2024-04-02 12:47:11.269542 INFO::Fitting model to feature number 606, ENSG00000048052
2024-04-02 12:47:11.291668 INFO::Fitting model to feature number 607, ENSG00000048140
2024-04-02 12:47:11.316568 INFO::Fitting model to feature number 608, ENSG00000048162
2024-04-02 12:47:11.33575 INFO::Fitting model to feature number 609, ENSG00000048342
2024-04-02 12:47:11.368572 INFO::Fitting model to feature number 610, ENSG00000048392
2024-04-02 12:47:11.39972 INFO::Fitting model to feature number 611, ENSG00000048405
2024-04-02 12:47:11.427962 INFO::Fitting model to feature number 612, ENSG00000048462
2024-04-02 12:47:11.445247 INFO::Fitting model to feature number 613, ENSG00000048471
2024-04-02 12:47:11.470366 INFO::Fitting model to feature number 614, ENSG00000048540
2024-04-02 12:47:11.487418 INFO::Fitting model to feature number 615, ENSG00000048544
2024-04-02 12:47:11.510775 INFO::Fitting model to feature number 616, ENSG00000048545
2024-04-02 12:47:11.531119 INFO::Fitting model to feature number 617, ENSG00000048649
2024-04-02 12:47:11.555325 INFO::Fitting model to feature number 618, ENSG00000048707
2024-04-02 12:47:11.580628 INFO::Fitting model to feature number 619, ENSG00000048740
2024-04-02 12:47:11.606742 INFO::Fitting model to feature number 620, ENSG00000048828
2024-04-02 12:47:11.63377 INFO::Fitting model to feature number 621, ENSG00000048991
2024-04-02 12:47:11.665715 INFO::Fitting model to feature number 622, ENSG00000049089
2024-04-02 12:47:11.688446 INFO::Fitting model to feature number 623, ENSG00000049130
2024-04-02 12:47:11.711023 INFO::Fitting model to feature number 624, ENSG00000049167
2024-04-02 12:47:11.743157 INFO::Fitting model to feature number 625, ENSG00000049192
2024-04-02 12:47:11.764094 INFO::Fitting model to feature number 626, ENSG00000049239
2024-04-02 12:47:11.788035 INFO::Fitting model to feature number 627, ENSG00000049245
2024-04-02 12:47:11.81285 INFO::Fitting model to feature number 628, ENSG00000049246
2024-04-02 12:47:11.860583 INFO::Fitting model to feature number 629, ENSG00000049247
2024-04-02 12:47:11.882381 INFO::Fitting model to feature number 630, ENSG00000049249
2024-04-02 12:47:11.92419 INFO::Fitting model to feature number 631, ENSG00000049283
2024-04-02 12:47:11.952832 INFO::Fitting model to feature number 632, ENSG00000049319
2024-04-02 12:47:11.975341 INFO::Fitting model to feature number 633, ENSG00000049323
2024-04-02 12:47:12.013852 INFO::Fitting model to feature number 634, ENSG00000049449
2024-04-02 12:47:12.040784 INFO::Fitting model to feature number 635, ENSG00000049540
2024-04-02 12:47:12.065921 INFO::Fitting model to feature number 636, ENSG00000049541
2024-04-02 12:47:12.088567 INFO::Fitting model to feature number 637, ENSG00000049618
2024-04-02 12:47:12.111556 INFO::Fitting model to feature number 638, ENSG00000049656
2024-04-02 12:47:12.136832 INFO::Fitting model to feature number 639, ENSG00000049759
2024-04-02 12:47:12.159219 INFO::Fitting model to feature number 640, ENSG00000049768
2024-04-02 12:47:12.187279 INFO::Fitting model to feature number 641, ENSG00000049769
2024-04-02 12:47:12.210477 INFO::Fitting model to feature number 642, ENSG00000049860
2024-04-02 12:47:12.236488 INFO::Fitting model to feature number 643, ENSG00000049883
2024-04-02 12:47:12.265221 INFO::Fitting model to feature number 644, ENSG00000050130
2024-04-02 12:47:12.290383 INFO::Fitting model to feature number 645, ENSG00000050165
2024-04-02 12:47:12.317512 INFO::Fitting model to feature number 646, ENSG00000050327
2024-04-02 12:47:12.34212 INFO::Fitting model to feature number 647, ENSG00000050344
2024-04-02 12:47:12.364177 INFO::Fitting model to feature number 648, ENSG00000050393
2024-04-02 12:47:12.389289 INFO::Fitting model to feature number 649, ENSG00000050405
2024-04-02 12:47:12.415136 INFO::Fitting model to feature number 650, ENSG00000050426
2024-04-02 12:47:12.441898 INFO::Fitting model to feature number 651, ENSG00000050438
2024-04-02 12:47:12.497781 INFO::Fitting model to feature number 652, ENSG00000050555
2024-04-02 12:47:12.5175 INFO::Fitting model to feature number 653, ENSG00000050628
2024-04-02 12:47:12.543482 INFO::Fitting model to feature number 654, ENSG00000050730
2024-04-02 12:47:12.569839 INFO::Fitting model to feature number 655, ENSG00000050748
2024-04-02 12:47:12.596451 INFO::Fitting model to feature number 656, ENSG00000050767
2024-04-02 12:47:12.625533 INFO::Fitting model to feature number 657, ENSG00000050820
2024-04-02 12:47:12.649674 INFO::Fitting model to feature number 658, ENSG00000051009
2024-04-02 12:47:12.6683 INFO::Fitting model to feature number 659, ENSG00000051108
2024-04-02 12:47:12.692873 INFO::Fitting model to feature number 660, ENSG00000051128
2024-04-02 12:47:12.718025 INFO::Fitting model to feature number 661, ENSG00000051180
2024-04-02 12:47:12.739701 INFO::Fitting model to feature number 662, ENSG00000051341
2024-04-02 12:47:12.759967 INFO::Fitting model to feature number 663, ENSG00000051382
2024-04-02 12:47:12.783163 INFO::Fitting model to feature number 664, ENSG00000051523
2024-04-02 12:47:12.821496 INFO::Fitting model to feature number 665, ENSG00000051596
2024-04-02 12:47:12.84303 INFO::Fitting model to feature number 666, ENSG00000051620
2024-04-02 12:47:12.871147 INFO::Fitting model to feature number 667, ENSG00000051825
2024-04-02 12:47:12.890126 INFO::Fitting model to feature number 668, ENSG00000052126
2024-04-02 12:47:12.913679 INFO::Fitting model to feature number 669, ENSG00000052344
2024-04-02 12:47:12.942391 INFO::Fitting model to feature number 670, ENSG00000052723
2024-04-02 12:47:12.966018 INFO::Fitting model to feature number 671, ENSG00000052749
2024-04-02 12:47:12.986676 INFO::Fitting model to feature number 672, ENSG00000052795
2024-04-02 12:47:13.012541 INFO::Fitting model to feature number 673, ENSG00000052802
2024-04-02 12:47:13.034102 INFO::Fitting model to feature number 674, ENSG00000052841
2024-04-02 12:47:13.058882 INFO::Fitting model to feature number 675, ENSG00000052850
2024-04-02 12:47:13.079713 INFO::Fitting model to feature number 676, ENSG00000053254
2024-04-02 12:47:13.113033 INFO::Fitting model to feature number 677, ENSG00000053328
2024-04-02 12:47:13.162235 INFO::Fitting model to feature number 678, ENSG00000053371
2024-04-02 12:47:13.185521 INFO::Fitting model to feature number 679, ENSG00000053372
2024-04-02 12:47:13.206482 INFO::Fitting model to feature number 680, ENSG00000053438
2024-04-02 12:47:13.22579 INFO::Fitting model to feature number 681, ENSG00000053501
2024-04-02 12:47:13.251275 INFO::Fitting model to feature number 682, ENSG00000053524
2024-04-02 12:47:13.296159 INFO::Fitting model to feature number 683, ENSG00000053702
2024-04-02 12:47:13.316258 INFO::Fitting model to feature number 684, ENSG00000053747
2024-04-02 12:47:13.339045 INFO::Fitting model to feature number 685, ENSG00000053770
2024-04-02 12:47:13.366529 INFO::Fitting model to feature number 686, ENSG00000053900
2024-04-02 12:47:13.391123 INFO::Fitting model to feature number 687, ENSG00000053918
2024-04-02 12:47:13.409465 INFO::Fitting model to feature number 688, ENSG00000054116
2024-04-02 12:47:13.431565 INFO::Fitting model to feature number 689, ENSG00000054118
2024-04-02 12:47:13.459964 INFO::Fitting model to feature number 690, ENSG00000054148
2024-04-02 12:47:13.485912 INFO::Fitting model to feature number 691, ENSG00000054179
2024-04-02 12:47:13.502183 INFO::Fitting model to feature number 692, ENSG00000054219
2024-04-02 12:47:13.525097 INFO::Fitting model to feature number 693, ENSG00000054267
2024-04-02 12:47:13.551762 INFO::Fitting model to feature number 694, ENSG00000054277
2024-04-02 12:47:13.569355 INFO::Fitting model to feature number 695, ENSG00000054282
2024-04-02 12:47:13.59401 INFO::Fitting model to feature number 696, ENSG00000054356
2024-04-02 12:47:13.617625 INFO::Fitting model to feature number 697, ENSG00000054392
2024-04-02 12:47:13.64082 INFO::Fitting model to feature number 698, ENSG00000054523
2024-04-02 12:47:13.66655 INFO::Fitting model to feature number 699, ENSG00000054598
2024-04-02 12:47:13.688759 INFO::Fitting model to feature number 700, ENSG00000054611
2024-04-02 12:47:13.72008 INFO::Fitting model to feature number 701, ENSG00000054654
2024-04-02 12:47:13.746535 INFO::Fitting model to feature number 702, ENSG00000054690
2024-04-02 12:47:13.76536 INFO::Fitting model to feature number 703, ENSG00000054793
2024-04-02 12:47:13.814642 INFO::Fitting model to feature number 704, ENSG00000054796
2024-04-02 12:47:13.843165 INFO::Fitting model to feature number 705, ENSG00000054938
2024-04-02 12:47:13.86561 INFO::Fitting model to feature number 706, ENSG00000054965
2024-04-02 12:47:13.889671 INFO::Fitting model to feature number 707, ENSG00000054967
2024-04-02 12:47:13.909275 INFO::Fitting model to feature number 708, ENSG00000054983
2024-04-02 12:47:13.939781 INFO::Fitting model to feature number 709, ENSG00000055044
2024-04-02 12:47:13.962229 INFO::Fitting model to feature number 710, ENSG00000055070
2024-04-02 12:47:13.987018 INFO::Fitting model to feature number 711, ENSG00000055118
2024-04-02 12:47:14.010923 INFO::Fitting model to feature number 712, ENSG00000055130
2024-04-02 12:47:14.036421 INFO::Fitting model to feature number 713, ENSG00000055147
2024-04-02 12:47:14.064345 INFO::Fitting model to feature number 714, ENSG00000055163
2024-04-02 12:47:14.089904 INFO::Fitting model to feature number 715, ENSG00000055208
2024-04-02 12:47:14.115324 INFO::Fitting model to feature number 716, ENSG00000055211
2024-04-02 12:47:14.138479 INFO::Fitting model to feature number 717, ENSG00000055332
2024-04-02 12:47:14.169003 INFO::Fitting model to feature number 718, ENSG00000055483
2024-04-02 12:47:14.19727 INFO::Fitting model to feature number 719, ENSG00000055609
2024-04-02 12:47:14.219879 INFO::Fitting model to feature number 720, ENSG00000055732
2024-04-02 12:47:14.2438 INFO::Fitting model to feature number 721, ENSG00000055813
2024-04-02 12:47:14.263365 INFO::Fitting model to feature number 722, ENSG00000055917
2024-04-02 12:47:14.297686 INFO::Fitting model to feature number 723, ENSG00000055950
2024-04-02 12:47:14.331564 INFO::Fitting model to feature number 724, ENSG00000055955
2024-04-02 12:47:14.358796 INFO::Fitting model to feature number 725, ENSG00000055957
2024-04-02 12:47:14.386487 INFO::Fitting model to feature number 726, ENSG00000056050
2024-04-02 12:47:14.411942 INFO::Fitting model to feature number 727, ENSG00000056097
2024-04-02 12:47:14.459376 INFO::Fitting model to feature number 728, ENSG00000056277
2024-04-02 12:47:14.482383 INFO::Fitting model to feature number 729, ENSG00000056291
2024-04-02 12:47:14.516348 INFO::Fitting model to feature number 730, ENSG00000056558
2024-04-02 12:47:14.538642 INFO::Fitting model to feature number 731, ENSG00000056586
2024-04-02 12:47:14.564796 INFO::Fitting model to feature number 732, ENSG00000056661
2024-04-02 12:47:14.589176 INFO::Fitting model to feature number 733, ENSG00000056736
2024-04-02 12:47:14.609099 INFO::Fitting model to feature number 734, ENSG00000056972
2024-04-02 12:47:14.633715 INFO::Fitting model to feature number 735, ENSG00000056998
2024-04-02 12:47:14.654332 INFO::Fitting model to feature number 736, ENSG00000057019
2024-04-02 12:47:14.675285 INFO::Fitting model to feature number 737, ENSG00000057252
2024-04-02 12:47:14.697388 INFO::Fitting model to feature number 738, ENSG00000057294
2024-04-02 12:47:14.719096 INFO::Fitting model to feature number 739, ENSG00000057468
2024-04-02 12:47:14.739127 INFO::Fitting model to feature number 740, ENSG00000057593
2024-04-02 12:47:14.770624 INFO::Fitting model to feature number 741, ENSG00000057608
2024-04-02 12:47:14.791739 INFO::Fitting model to feature number 742, ENSG00000057657
2024-04-02 12:47:14.818527 INFO::Fitting model to feature number 743, ENSG00000057663
2024-04-02 12:47:14.844598 INFO::Fitting model to feature number 744, ENSG00000057704
2024-04-02 12:47:14.862234 INFO::Fitting model to feature number 745, ENSG00000057757
2024-04-02 12:47:14.888917 INFO::Fitting model to feature number 746, ENSG00000057935
2024-04-02 12:47:14.912568 INFO::Fitting model to feature number 747, ENSG00000058056
2024-04-02 12:47:14.937034 INFO::Fitting model to feature number 748, ENSG00000058063
2024-04-02 12:47:14.96521 INFO::Fitting model to feature number 749, ENSG00000058085
2024-04-02 12:47:14.983498 INFO::Fitting model to feature number 750, ENSG00000058091
2024-04-02 12:47:15.008521 INFO::Fitting model to feature number 751, ENSG00000058262
2024-04-02 12:47:15.036376 INFO::Fitting model to feature number 752, ENSG00000058272
2024-04-02 12:47:15.064468 INFO::Fitting model to feature number 753, ENSG00000058335
2024-04-02 12:47:15.113624 INFO::Fitting model to feature number 754, ENSG00000058404
2024-04-02 12:47:15.13578 INFO::Fitting model to feature number 755, ENSG00000058453
2024-04-02 12:47:15.155161 INFO::Fitting model to feature number 756, ENSG00000058600
2024-04-02 12:47:15.17633 INFO::Fitting model to feature number 757, ENSG00000058668
2024-04-02 12:47:15.203394 INFO::Fitting model to feature number 758, ENSG00000058673
2024-04-02 12:47:15.23753 INFO::Fitting model to feature number 759, ENSG00000058729
2024-04-02 12:47:15.263042 INFO::Fitting model to feature number 760, ENSG00000058799
2024-04-02 12:47:15.288356 INFO::Fitting model to feature number 761, ENSG00000058804
2024-04-02 12:47:15.310977 INFO::Fitting model to feature number 762, ENSG00000058866
2024-04-02 12:47:15.347985 INFO::Fitting model to feature number 763, ENSG00000059122
2024-04-02 12:47:15.375546 INFO::Fitting model to feature number 764, ENSG00000059145
2024-04-02 12:47:15.398173 INFO::Fitting model to feature number 765, ENSG00000059377
2024-04-02 12:47:15.419662 INFO::Fitting model to feature number 766, ENSG00000059378
2024-04-02 12:47:15.444973 INFO::Fitting model to feature number 767, ENSG00000059573
2024-04-02 12:47:15.473243 INFO::Fitting model to feature number 768, ENSG00000059588
2024-04-02 12:47:15.510337 INFO::Fitting model to feature number 769, ENSG00000059691
2024-04-02 12:47:15.536735 INFO::Fitting model to feature number 770, ENSG00000059728
2024-04-02 12:47:15.564726 INFO::Fitting model to feature number 771, ENSG00000059758
2024-04-02 12:47:15.589379 INFO::Fitting model to feature number 772, ENSG00000059769
2024-04-02 12:47:15.610221 INFO::Fitting model to feature number 773, ENSG00000059804
2024-04-02 12:47:15.633855 INFO::Fitting model to feature number 774, ENSG00000059915
2024-04-02 12:47:15.653449 INFO::Fitting model to feature number 775, ENSG00000060069
2024-04-02 12:47:15.678365 INFO::Fitting model to feature number 776, ENSG00000060138
2024-04-02 12:47:15.698397 INFO::Fitting model to feature number 777, ENSG00000060140
2024-04-02 12:47:15.724684 INFO::Fitting model to feature number 778, ENSG00000060237
2024-04-02 12:47:15.777482 INFO::Fitting model to feature number 779, ENSG00000060303
2024-04-02 12:47:15.795139 INFO::Fitting model to feature number 780, ENSG00000060339
2024-04-02 12:47:15.820134 INFO::Fitting model to feature number 781, ENSG00000060491
2024-04-02 12:47:15.848854 INFO::Fitting model to feature number 782, ENSG00000060558
2024-04-02 12:47:15.888885 INFO::Fitting model to feature number 783, ENSG00000060566
2024-04-02 12:47:15.928644 INFO::Fitting model to feature number 784, ENSG00000060642
2024-04-02 12:47:15.956288 INFO::Fitting model to feature number 785, ENSG00000060656
2024-04-02 12:47:15.97832 INFO::Fitting model to feature number 786, ENSG00000060688
2024-04-02 12:47:16.005159 INFO::Fitting model to feature number 787, ENSG00000060709
2024-04-02 12:47:16.055369 INFO::Fitting model to feature number 788, ENSG00000060718
2024-04-02 12:47:16.074671 INFO::Fitting model to feature number 789, ENSG00000060749
2024-04-02 12:47:16.099114 INFO::Fitting model to feature number 790, ENSG00000060762
2024-04-02 12:47:16.125329 INFO::Fitting model to feature number 791, ENSG00000060971
2024-04-02 12:47:16.149082 INFO::Fitting model to feature number 792, ENSG00000060982
2024-04-02 12:47:16.179922 INFO::Fitting model to feature number 793, ENSG00000061273
2024-04-02 12:47:16.203386 INFO::Fitting model to feature number 794, ENSG00000061337
2024-04-02 12:47:16.223252 INFO::Fitting model to feature number 795, ENSG00000061455
2024-04-02 12:47:16.255176 INFO::Fitting model to feature number 796, ENSG00000061656
2024-04-02 12:47:16.27544 INFO::Fitting model to feature number 797, ENSG00000061676
2024-04-02 12:47:16.305801 INFO::Fitting model to feature number 798, ENSG00000061794
2024-04-02 12:47:16.335207 INFO::Fitting model to feature number 799, ENSG00000061918
2024-04-02 12:47:16.360489 INFO::Fitting model to feature number 800, ENSG00000061936
2024-04-02 12:47:16.409144 INFO::Fitting model to feature number 801, ENSG00000061938
2024-04-02 12:47:16.429985 INFO::Fitting model to feature number 802, ENSG00000061987
2024-04-02 12:47:16.454609 INFO::Fitting model to feature number 803, ENSG00000062038
2024-04-02 12:47:16.471355 INFO::Fitting model to feature number 804, ENSG00000062096
2024-04-02 12:47:16.492226 INFO::Fitting model to feature number 805, ENSG00000062194
2024-04-02 12:47:16.523683 INFO::Fitting model to feature number 806, ENSG00000062282
2024-04-02 12:47:16.541881 INFO::Fitting model to feature number 807, ENSG00000062370
2024-04-02 12:47:16.559057 INFO::Fitting model to feature number 808, ENSG00000062485
2024-04-02 12:47:16.584553 INFO::Fitting model to feature number 809, ENSG00000062524
2024-04-02 12:47:16.599253 INFO::Fitting model to feature number 810, ENSG00000062582
2024-04-02 12:47:16.618072 INFO::Fitting model to feature number 811, ENSG00000062598
2024-04-02 12:47:16.650506 INFO::Fitting model to feature number 812, ENSG00000062650
2024-04-02 12:47:16.675 INFO::Fitting model to feature number 813, ENSG00000062716
2024-04-02 12:47:16.697235 INFO::Fitting model to feature number 814, ENSG00000062725
2024-04-02 12:47:16.718895 INFO::Fitting model to feature number 815, ENSG00000062822
2024-04-02 12:47:16.735862 INFO::Fitting model to feature number 816, ENSG00000063015
2024-04-02 12:47:16.755193 INFO::Fitting model to feature number 817, ENSG00000063046
2024-04-02 12:47:16.779759 INFO::Fitting model to feature number 818, ENSG00000063127
2024-04-02 12:47:16.800633 INFO::Fitting model to feature number 819, ENSG00000063169
2024-04-02 12:47:16.825908 INFO::Fitting model to feature number 820, ENSG00000063176
2024-04-02 12:47:16.850631 INFO::Fitting model to feature number 821, ENSG00000063177
2024-04-02 12:47:16.881828 INFO::Fitting model to feature number 822, ENSG00000063180
2024-04-02 12:47:16.906072 INFO::Fitting model to feature number 823, ENSG00000063241
2024-04-02 12:47:16.938673 INFO::Fitting model to feature number 824, ENSG00000063244
2024-04-02 12:47:16.958326 INFO::Fitting model to feature number 825, ENSG00000063245
2024-04-02 12:47:16.984422 INFO::Fitting model to feature number 826, ENSG00000063322
2024-04-02 12:47:17.055779 INFO::Fitting model to feature number 827, ENSG00000063438
2024-04-02 12:47:17.083099 INFO::Fitting model to feature number 828, ENSG00000063587
2024-04-02 12:47:17.102819 INFO::Fitting model to feature number 829, ENSG00000063601
2024-04-02 12:47:17.129826 INFO::Fitting model to feature number 830, ENSG00000063660
2024-04-02 12:47:17.15638 INFO::Fitting model to feature number 831, ENSG00000063761
2024-04-02 12:47:17.171208 INFO::Fitting model to feature number 832, ENSG00000063854
2024-04-02 12:47:17.195661 INFO::Fitting model to feature number 833, ENSG00000063978
2024-04-02 12:47:17.22188 INFO::Fitting model to feature number 834, ENSG00000064012
2024-04-02 12:47:17.247458 INFO::Fitting model to feature number 835, ENSG00000064042
2024-04-02 12:47:17.26906 INFO::Fitting model to feature number 836, ENSG00000064102
2024-04-02 12:47:17.297539 INFO::Fitting model to feature number 837, ENSG00000064115
2024-04-02 12:47:17.32564 INFO::Fitting model to feature number 838, ENSG00000064199
2024-04-02 12:47:17.349993 INFO::Fitting model to feature number 839, ENSG00000064201
2024-04-02 12:47:17.371585 INFO::Fitting model to feature number 840, ENSG00000064205
2024-04-02 12:47:17.400336 INFO::Fitting model to feature number 841, ENSG00000064225
2024-04-02 12:47:17.416402 INFO::Fitting model to feature number 842, ENSG00000064270
2024-04-02 12:47:17.448429 INFO::Fitting model to feature number 843, ENSG00000064300
2024-04-02 12:47:17.470716 INFO::Fitting model to feature number 844, ENSG00000064309
2024-04-02 12:47:17.492073 INFO::Fitting model to feature number 845, ENSG00000064313
2024-04-02 12:47:17.515639 INFO::Fitting model to feature number 846, ENSG00000064393
2024-04-02 12:47:17.543842 INFO::Fitting model to feature number 847, ENSG00000064419
2024-04-02 12:47:17.56781 INFO::Fitting model to feature number 848, ENSG00000064489
2024-04-02 12:47:17.590416 INFO::Fitting model to feature number 849, ENSG00000064490
2024-04-02 12:47:17.625729 INFO::Fitting model to feature number 850, ENSG00000064545
2024-04-02 12:47:17.656833 INFO::Fitting model to feature number 851, ENSG00000064547
2024-04-02 12:47:17.674138 INFO::Fitting model to feature number 852, ENSG00000064601
2024-04-02 12:47:17.739263 INFO::Fitting model to feature number 853, ENSG00000064607
2024-04-02 12:47:17.768954 INFO::Fitting model to feature number 854, ENSG00000064651
2024-04-02 12:47:17.791998 INFO::Fitting model to feature number 855, ENSG00000064652
2024-04-02 12:47:17.81273 INFO::Fitting model to feature number 856, ENSG00000064655
2024-04-02 12:47:17.83653 INFO::Fitting model to feature number 857, ENSG00000064666
2024-04-02 12:47:17.862077 INFO::Fitting model to feature number 858, ENSG00000064687
2024-04-02 12:47:17.884402 INFO::Fitting model to feature number 859, ENSG00000064692
2024-04-02 12:47:17.908145 INFO::Fitting model to feature number 860, ENSG00000064703
2024-04-02 12:47:17.931599 INFO::Fitting model to feature number 861, ENSG00000064726
2024-04-02 12:47:17.955059 INFO::Fitting model to feature number 862, ENSG00000064763
2024-04-02 12:47:17.980539 INFO::Fitting model to feature number 863, ENSG00000064787
2024-04-02 12:47:18.005976 INFO::Fitting model to feature number 864, ENSG00000064835
2024-04-02 12:47:18.036833 INFO::Fitting model to feature number 865, ENSG00000064886
2024-04-02 12:47:18.062322 INFO::Fitting model to feature number 866, ENSG00000064932
2024-04-02 12:47:18.086926 INFO::Fitting model to feature number 867, ENSG00000064933
2024-04-02 12:47:18.113486 INFO::Fitting model to feature number 868, ENSG00000064961
2024-04-02 12:47:18.137532 INFO::Fitting model to feature number 869, ENSG00000064989
2024-04-02 12:47:18.166607 INFO::Fitting model to feature number 870, ENSG00000064995
2024-04-02 12:47:18.193224 INFO::Fitting model to feature number 871, ENSG00000064999
2024-04-02 12:47:18.219118 INFO::Fitting model to feature number 872, ENSG00000065000
2024-04-02 12:47:18.245953 INFO::Fitting model to feature number 873, ENSG00000065029
2024-04-02 12:47:18.272327 INFO::Fitting model to feature number 874, ENSG00000065054
2024-04-02 12:47:18.298695 INFO::Fitting model to feature number 875, ENSG00000065057
2024-04-02 12:47:18.32446 INFO::Fitting model to feature number 876, ENSG00000065060
2024-04-02 12:47:18.376445 INFO::Fitting model to feature number 877, ENSG00000065135
2024-04-02 12:47:18.408137 INFO::Fitting model to feature number 878, ENSG00000065150
2024-04-02 12:47:18.43838 INFO::Fitting model to feature number 879, ENSG00000065154
2024-04-02 12:47:18.471127 INFO::Fitting model to feature number 880, ENSG00000065183
2024-04-02 12:47:18.496556 INFO::Fitting model to feature number 881, ENSG00000065243
2024-04-02 12:47:18.525124 INFO::Fitting model to feature number 882, ENSG00000065268
2024-04-02 12:47:18.546401 INFO::Fitting model to feature number 883, ENSG00000065308
2024-04-02 12:47:18.57813 INFO::Fitting model to feature number 884, ENSG00000065320
2024-04-02 12:47:18.602312 INFO::Fitting model to feature number 885, ENSG00000065325
2024-04-02 12:47:18.624346 INFO::Fitting model to feature number 886, ENSG00000065328
2024-04-02 12:47:18.641398 INFO::Fitting model to feature number 887, ENSG00000065357
2024-04-02 12:47:18.665376 INFO::Fitting model to feature number 888, ENSG00000065361
2024-04-02 12:47:18.698235 INFO::Fitting model to feature number 889, ENSG00000065371
2024-04-02 12:47:18.73402 INFO::Fitting model to feature number 890, ENSG00000065413
2024-04-02 12:47:18.752897 INFO::Fitting model to feature number 891, ENSG00000065427
2024-04-02 12:47:18.78291 INFO::Fitting model to feature number 892, ENSG00000065457
2024-04-02 12:47:18.810821 INFO::Fitting model to feature number 893, ENSG00000065485
2024-04-02 12:47:18.836058 INFO::Fitting model to feature number 894, ENSG00000065491
2024-04-02 12:47:18.854711 INFO::Fitting model to feature number 895, ENSG00000065518
2024-04-02 12:47:18.879247 INFO::Fitting model to feature number 896, ENSG00000065526
2024-04-02 12:47:18.905959 INFO::Fitting model to feature number 897, ENSG00000065534
2024-04-02 12:47:18.938354 INFO::Fitting model to feature number 898, ENSG00000065548
2024-04-02 12:47:18.963613 INFO::Fitting model to feature number 899, ENSG00000065559
2024-04-02 12:47:18.98987 INFO::Fitting model to feature number 900, ENSG00000065600
2024-04-02 12:47:19.036775 INFO::Fitting model to feature number 901, ENSG00000065609
2024-04-02 12:47:19.057303 INFO::Fitting model to feature number 902, ENSG00000065613
2024-04-02 12:47:19.084706 INFO::Fitting model to feature number 903, ENSG00000065615
2024-04-02 12:47:19.119602 INFO::Fitting model to feature number 904, ENSG00000065618
2024-04-02 12:47:19.134987 INFO::Fitting model to feature number 905, ENSG00000065621
2024-04-02 12:47:19.168039 INFO::Fitting model to feature number 906, ENSG00000065665
2024-04-02 12:47:19.188059 INFO::Fitting model to feature number 907, ENSG00000065675
2024-04-02 12:47:19.209191 INFO::Fitting model to feature number 908, ENSG00000065717
2024-04-02 12:47:19.230357 INFO::Fitting model to feature number 909, ENSG00000065802
2024-04-02 12:47:19.254543 INFO::Fitting model to feature number 910, ENSG00000065809
2024-04-02 12:47:19.278236 INFO::Fitting model to feature number 911, ENSG00000065833
2024-04-02 12:47:19.302326 INFO::Fitting model to feature number 912, ENSG00000065882
2024-04-02 12:47:19.332848 INFO::Fitting model to feature number 913, ENSG00000065883
2024-04-02 12:47:19.357126 INFO::Fitting model to feature number 914, ENSG00000065911
2024-04-02 12:47:19.380422 INFO::Fitting model to feature number 915, ENSG00000065923
2024-04-02 12:47:19.40681 INFO::Fitting model to feature number 916, ENSG00000065970
2024-04-02 12:47:19.432053 INFO::Fitting model to feature number 917, ENSG00000065978
2024-04-02 12:47:19.458928 INFO::Fitting model to feature number 918, ENSG00000065989
2024-04-02 12:47:19.484172 INFO::Fitting model to feature number 919, ENSG00000066027
2024-04-02 12:47:19.506349 INFO::Fitting model to feature number 920, ENSG00000066044
2024-04-02 12:47:19.539275 INFO::Fitting model to feature number 921, ENSG00000066056
2024-04-02 12:47:19.554475 INFO::Fitting model to feature number 922, ENSG00000066084
2024-04-02 12:47:19.577268 INFO::Fitting model to feature number 923, ENSG00000066117
2024-04-02 12:47:19.608175 INFO::Fitting model to feature number 924, ENSG00000066135
2024-04-02 12:47:19.631905 INFO::Fitting model to feature number 925, ENSG00000066136
2024-04-02 12:47:19.65318 INFO::Fitting model to feature number 926, ENSG00000066185
2024-04-02 12:47:19.697268 INFO::Fitting model to feature number 927, ENSG00000066230
2024-04-02 12:47:19.716636 INFO::Fitting model to feature number 928, ENSG00000066248
2024-04-02 12:47:19.739561 INFO::Fitting model to feature number 929, ENSG00000066279
2024-04-02 12:47:19.759348 INFO::Fitting model to feature number 930, ENSG00000066322
2024-04-02 12:47:19.786345 INFO::Fitting model to feature number 931, ENSG00000066336
2024-04-02 12:47:19.807642 INFO::Fitting model to feature number 932, ENSG00000066379
2024-04-02 12:47:19.839066 INFO::Fitting model to feature number 933, ENSG00000066382
2024-04-02 12:47:19.863138 INFO::Fitting model to feature number 934, ENSG00000066405
2024-04-02 12:47:19.880778 INFO::Fitting model to feature number 935, ENSG00000066422
2024-04-02 12:47:19.907122 INFO::Fitting model to feature number 936, ENSG00000066427
2024-04-02 12:47:19.927918 INFO::Fitting model to feature number 937, ENSG00000066455
2024-04-02 12:47:19.953367 INFO::Fitting model to feature number 938, ENSG00000066468
2024-04-02 12:47:20.036623 INFO::Fitting model to feature number 939, ENSG00000066557
2024-04-02 12:47:20.063977 INFO::Fitting model to feature number 940, ENSG00000066583
2024-04-02 12:47:20.086305 INFO::Fitting model to feature number 941, ENSG00000066629
2024-04-02 12:47:20.110162 INFO::Fitting model to feature number 942, ENSG00000066651
2024-04-02 12:47:20.135528 INFO::Fitting model to feature number 943, ENSG00000066654
2024-04-02 12:47:20.158598 INFO::Fitting model to feature number 944, ENSG00000066697
2024-04-02 12:47:20.180284 INFO::Fitting model to feature number 945, ENSG00000066735
2024-04-02 12:47:20.220455 INFO::Fitting model to feature number 946, ENSG00000066739
2024-04-02 12:47:20.245673 INFO::Fitting model to feature number 947, ENSG00000066777
2024-04-02 12:47:20.274155 INFO::Fitting model to feature number 948, ENSG00000066827
2024-04-02 12:47:20.298194 INFO::Fitting model to feature number 949, ENSG00000066855
2024-04-02 12:47:20.393742 INFO::Counting prevalence for each feature
2024-04-02 12:47:20.425389 INFO::Writing all results to file (ordered by increasing q-values): TWD/all_results.tsv
2024-04-02 12:47:20.437905 INFO::Writing the significant results (those which are less than or equal to the threshold of 0.050000 ) to file (ordered by increasing q-values): TWD/significant_results.tsv
2024-04-02 12:47:20.439432 INFO::Writing Tweedie inxed plot to file: TWD
2024-04-02 12:47:20.440394 INFO::Plotting tweedie.index  colored by metadata
2024-04-02 12:47:20.441161 INFO::Plotting tweedie.index
2024-04-02 12:47:20.467182 ERROR::Unable to do make a Tweedie inxed plot of results!!!
2024-04-02 12:47:20.468351 ERROR::err: "theme_omicsEye"
 2024-04-02 12:47:20.468351 ERROR::err: theme_omicsEye()
